[2026-02-17T21:53:48.274Z] DENIAL - Required: analytics:read - User Perms: 
[2026-02-17T21:53:49.311Z] DENIAL - Required: analytics:read - User Perms: 
[2026-02-17T21:55:35.163Z] DENIAL - Required: analytics:read - User Perms: 
[2026-02-17T21:55:36.195Z] DENIAL - Required: analytics:read - User Perms: 
[2026-02-17T21:55:41.893Z] DENIAL - Required: analytics:read - User Perms: 
[2026-02-17T21:55:42.917Z] DENIAL - Required: analytics:read - User Perms: 
[2026-02-17T21:57:24.540Z] DENIAL - Required: analytics:read - User Perms: 
[2026-02-17T21:57:25.564Z] DENIAL - Required: analytics:read - User Perms: 
[2026-02-17T21:58:06.032Z] DENIAL - Required: analytics:read - User Perms: 
[2026-02-17T21:58:07.079Z] DENIAL - Required: analytics:read - User Perms: 
[2026-02-17T21:58:16.548Z] DENIAL - Required: analytics:read - User Perms: 
[2026-02-17T21:58:17.568Z] DENIAL - Required: analytics:read - User Perms: 
[2026-02-17T21:58:32.455Z] DENIAL - Required: analytics:read - User Perms: 
[2026-02-17T21:58:33.530Z] DENIAL - Required: analytics:read - User Perms: 
[2026-02-17T21:59:18.788Z] DENIAL - Required: analytics:read - User Perms: 
[2026-02-17T21:59:19.816Z] DENIAL - Required: analytics:read - User Perms: 
[2026-02-17T22:00:47.990Z] DENIAL - Required: analytics:read - User Perms: 
[2026-02-17T22:00:49.050Z] DENIAL - Required: analytics:read - User Perms: 
[2026-02-17T22:01:41.811Z] DENIAL - Required: analytics:read - User Perms: 
[2026-02-17T22:01:42.844Z] DENIAL - Required: analytics:read - User Perms: 
[2026-02-17T22:01:53.978Z] DENIAL - Required: analytics:read - User Perms: 
[2026-02-17T22:01:55.009Z] DENIAL - Required: analytics:read - User Perms: 
[2026-02-17T22:02:14.770Z] ACCESS - User: admin@hrenterprise.com - Perms Count: 25
[2026-02-17T22:02:14.788Z] ACCESS - User: admin@hrenterprise.com - Perms Count: 25
[2026-02-17T22:03:35.410Z] ACCESS - User: admin@hrenterprise.com - Perms Count: 25
[2026-02-17T22:03:35.430Z] ACCESS - User: admin@hrenterprise.com - Perms Count: 25
[2026-02-17T22:06:01.185Z] ACCESS - User: admin@hrenterprise.com - Perms Count: 25
[2026-02-17T22:06:01.198Z] ACCESS - User: admin@hrenterprise.com - Perms Count: 25
[2026-02-17T22:10:14.384Z] ACCESS - User: admin@hrenterprise.com - Perms Count: 25
[2026-02-17T22:10:14.399Z] ACCESS - User: admin@hrenterprise.com - Perms Count: 25
[2026-02-17T22:11:56.214Z] ACCESS - User: admin@hrenterprise.com - Perms Count: 25
[2026-02-17T22:11:56.224Z] ACCESS - User: admin@hrenterprise.com - Perms Count: 25
[2026-02-17T22:24:25.495Z] ACCESS - User: admin@hrenterprise.com - Perms Count: 25
[2026-02-17T22:24:25.522Z] ACCESS - User: admin@hrenterprise.com - Perms Count: 25
[2026-02-17T22:27:21.045Z] ACCESS - User: admin@hrenterprise.com - Perms Count: 25
[2026-02-17T22:27:21.063Z] ACCESS - User: admin@hrenterprise.com - Perms Count: 25
[2026-02-17T22:30:21.188Z] ACCESS - User: admin@hrenterprise.com - Perms Count: 25
[2026-02-17T22:30:21.209Z] ACCESS - User: admin@hrenterprise.com - Perms Count: 25
[2026-02-17T22:30:44.302Z] ACCESS - User: admin@hrenterprise.com - Perms Count: 25
[2026-02-17T22:30:44.313Z] ACCESS - User: admin@hrenterprise.com - Perms Count: 25
[2026-02-17T22:30:45.190Z] ACCESS - User: admin@hrenterprise.com - Perms Count: 25
[2026-02-17T22:30:45.210Z] ACCESS - User: admin@hrenterprise.com - Perms Count: 25
[2026-02-17T22:30:45.218Z] ACCESS - User: admin@hrenterprise.com - Perms Count: 25
[2026-02-17T22:30:45.247Z] ACCESS - User: admin@hrenterprise.com - Perms Count: 25
[2026-02-17T22:30:48.334Z] ACCESS - User: admin@hrenterprise.com - Perms Count: 25
[2026-02-17T22:30:48.343Z] ACCESS - User: admin@hrenterprise.com - Perms Count: 25
[2026-02-17T22:30:48.349Z] ACCESS - User: admin@hrenterprise.com - Perms Count: 25
[2026-02-17T22:30:48.372Z] ACCESS - User: admin@hrenterprise.com - Perms Count: 25
[2026-02-17T22:30:48.388Z] ACCESS - User: admin@hrenterprise.com - Perms Count: 25
[2026-02-17T22:30:48.399Z] ACCESS - User: admin@hrenterprise.com - Perms Count: 25
[2026-02-17T22:30:48.595Z] ACCESS - User: admin@hrenterprise.com - Perms Count: 25
[2026-02-17T22:30:48.615Z] ACCESS - User: admin@hrenterprise.com - Perms Count: 25
[2026-02-17T22:30:49.157Z] ACCESS - User: admin@hrenterprise.com - Perms Count: 25
[2026-02-17T22:30:49.172Z] ACCESS - User: admin@hrenterprise.com - Perms Count: 25
[2026-02-17T22:30:53.357Z] ACCESS - User: admin@hrenterprise.com - Perms Count: 25
[2026-02-17T22:30:53.373Z] ACCESS - User: admin@hrenterprise.com - Perms Count: 25
[2026-02-17T22:30:53.380Z] ACCESS - User: admin@hrenterprise.com - Perms Count: 25
[2026-02-17T22:30:53.393Z] ACCESS - User: admin@hrenterprise.com - Perms Count: 25
[2026-02-17T22:30:54.345Z] ACCESS - User: admin@hrenterprise.com - Perms Count: 25
[2026-02-17T22:30:54.359Z] ACCESS - User: admin@hrenterprise.com - Perms Count: 25
[2026-02-17T22:31:36.676Z] ACCESS - User: admin@hrenterprise.com - Perms Count: 25
[2026-02-17T22:31:36.690Z] ACCESS - User: admin@hrenterprise.com - Perms Count: 25
[2026-02-17T22:37:26.962Z] ACCESS - User: admin@hrenterprise.com - Perms Count: 25
[2026-02-17T22:37:27.022Z] ACCESS - User: admin@hrenterprise.com - Perms Count: 25
[2026-02-17T22:37:54.661Z] ACCESS - User: admin@hrenterprise.com - Perms Count: 25
[2026-02-17T22:37:54.673Z] ACCESS - User: admin@hrenterprise.com - Perms Count: 25
[2026-02-17T22:38:18.082Z] ACCESS - User: admin@hrenterprise.com - Perms Count: 25
[2026-02-17T22:38:18.087Z] ACCESS - User: admin@hrenterprise.com - Perms Count: 25
[2026-02-17T22:38:18.100Z] ACCESS - User: admin@hrenterprise.com - Perms Count: 25
[2026-02-17T22:38:18.107Z] ACCESS - User: admin@hrenterprise.com - Perms Count: 25
[2026-02-17T22:38:21.833Z] ACCESS - User: admin@hrenterprise.com - Perms Count: 25
[2026-02-17T22:38:21.845Z] ACCESS - User: admin@hrenterprise.com - Perms Count: 25
[2026-02-17T22:39:00.139Z] ACCESS - User: admin@hrenterprise.com - Perms Count: 25
[2026-02-17T22:39:00.151Z] ACCESS - User: admin@hrenterprise.com - Perms Count: 25
[2026-02-17T22:39:00.157Z] ACCESS - User: admin@hrenterprise.com - Perms Count: 25
[2026-02-17T22:39:00.175Z] ACCESS - User: admin@hrenterprise.com - Perms Count: 25
[2026-02-17T22:39:17.954Z] ACCESS - User: admin@hrenterprise.com - Perms Count: 25
[2026-02-17T22:39:17.964Z] ACCESS - User: admin@hrenterprise.com - Perms Count: 25
[2026-02-17T22:39:40.443Z] ACCESS - User: admin@hrenterprise.com - Perms Count: 25
[2026-02-17T22:39:40.456Z] ACCESS - User: admin@hrenterprise.com - Perms Count: 25
[2026-02-17T22:40:06.000Z] ACCESS - User: admin@hrenterprise.com - Perms Count: 25
[2026-02-17T22:40:06.035Z] ACCESS - User: admin@hrenterprise.com - Perms Count: 25
[2026-02-17T22:40:06.042Z] ACCESS - User: admin@hrenterprise.com - Perms Count: 25
[2026-02-17T22:40:06.051Z] ACCESS - User: admin@hrenterprise.com - Perms Count: 25
[2026-02-17T22:40:06.058Z] ACCESS - User: admin@hrenterprise.com - Perms Count: 25
[2026-02-17T22:40:06.119Z] ACCESS - User: admin@hrenterprise.com - Perms Count: 25
[2026-02-17T22:40:06.139Z] ACCESS - User: admin@hrenterprise.com - Perms Count: 25
[2026-02-17T22:40:06.150Z] ACCESS - User: admin@hrenterprise.com - Perms Count: 25
[2026-02-17T22:40:46.532Z] ACCESS - User: admin@hrenterprise.com - Perms Count: 25
[2026-02-17T22:40:46.545Z] ACCESS - User: admin@hrenterprise.com - Perms Count: 25
[2026-02-17T22:43:55.485Z] DENIAL - Required: analytics:read - User Perms: users:read, users:create, users:update, users:delete, employees:read, employees:create, employees:update, employees:delete, departments:read, departments:create, departments:update, departments:delete, attendance:read, attendance:create, attendance:update, attendance:delete, leave:read, leave:create, leave:approve, leave:manage
[2026-02-17T22:43:56.560Z] DENIAL - Required: analytics:read - User Perms: users:read, users:create, users:update, users:delete, employees:read, employees:create, employees:update, employees:delete, departments:read, departments:create, departments:update, departments:delete, attendance:read, attendance:create, attendance:update, attendance:delete, leave:read, leave:create, leave:approve, leave:manage
[2026-02-17T22:44:45.719Z] DENIAL - Required: analytics:read - User Perms: users:read, users:create, users:update, users:delete, employees:read, employees:create, employees:update, employees:delete, departments:read, departments:create, departments:update, departments:delete, attendance:read, attendance:create, attendance:update, attendance:delete, leave:read, leave:create, leave:approve, leave:manage
[2026-02-17T22:44:46.752Z] DENIAL - Required: analytics:read - User Perms: users:read, users:create, users:update, users:delete, employees:read, employees:create, employees:update, employees:delete, departments:read, departments:create, departments:update, departments:delete, attendance:read, attendance:create, attendance:update, attendance:delete, leave:read, leave:create, leave:approve, leave:manage
[2026-02-17T22:44:51.247Z] ACCESS - User: sarah.johnson@hrenterprise.com - Perms Count: 20
[2026-02-17T22:44:51.264Z] ACCESS - User: sarah.johnson@hrenterprise.com - Perms Count: 20
[2026-02-17T22:44:51.349Z] ACCESS - User: sarah.johnson@hrenterprise.com - Perms Count: 20
[2026-02-17T22:44:51.363Z] ACCESS - User: sarah.johnson@hrenterprise.com - Perms Count: 20
[2026-02-17T22:44:54.735Z] ACCESS - User: sarah.johnson@hrenterprise.com - Perms Count: 20
[2026-02-17T22:44:54.747Z] ACCESS - User: sarah.johnson@hrenterprise.com - Perms Count: 20
[2026-02-17T22:44:59.066Z] ACCESS - User: sarah.johnson@hrenterprise.com - Perms Count: 20
[2026-02-17T22:44:59.071Z] ACCESS - User: sarah.johnson@hrenterprise.com - Perms Count: 20
[2026-02-17T22:44:59.094Z] ACCESS - User: sarah.johnson@hrenterprise.com - Perms Count: 20
[2026-02-17T22:44:59.099Z] ACCESS - User: sarah.johnson@hrenterprise.com - Perms Count: 20
[2026-02-17T22:44:59.222Z] ACCESS - User: sarah.johnson@hrenterprise.com - Perms Count: 20
[2026-02-17T22:44:59.229Z] ACCESS - User: sarah.johnson@hrenterprise.com - Perms Count: 20
[2026-02-17T22:44:59.248Z] ACCESS - User: sarah.johnson@hrenterprise.com - Perms Count: 20
[2026-02-17T22:44:59.254Z] ACCESS - User: sarah.johnson@hrenterprise.com - Perms Count: 20
[2026-02-17T22:45:22.284Z] ACCESS - User: sarah.johnson@hrenterprise.com - Perms Count: 20
[2026-02-17T22:45:22.296Z] ACCESS - User: sarah.johnson@hrenterprise.com - Perms Count: 20
[2026-02-17T22:45:22.417Z] ACCESS - User: sarah.johnson@hrenterprise.com - Perms Count: 20
[2026-02-17T22:45:22.438Z] ACCESS - User: sarah.johnson@hrenterprise.com - Perms Count: 20
[2026-02-17T22:45:22.543Z] ACCESS - User: sarah.johnson@hrenterprise.com - Perms Count: 20
[2026-02-17T22:45:22.551Z] ACCESS - User: sarah.johnson@hrenterprise.com - Perms Count: 20
[2026-02-17T22:45:22.571Z] ACCESS - User: sarah.johnson@hrenterprise.com - Perms Count: 20
[2026-02-17T22:45:22.576Z] ACCESS - User: sarah.johnson@hrenterprise.com - Perms Count: 20
[2026-02-17T22:45:28.684Z] ACCESS - User: sarah.johnson@hrenterprise.com - Perms Count: 20
[2026-02-17T22:45:28.696Z] ACCESS - User: sarah.johnson@hrenterprise.com - Perms Count: 20
[2026-02-17T22:45:56.427Z] ACCESS - User: admin@hrenterprise.com - Perms Count: 25
[2026-02-17T22:45:56.441Z] ACCESS - User: admin@hrenterprise.com - Perms Count: 25
[2026-02-17T22:45:59.818Z] ACCESS - User: admin@hrenterprise.com - Perms Count: 25
[2026-02-17T22:45:59.828Z] ACCESS - User: admin@hrenterprise.com - Perms Count: 25
[2026-02-17T22:46:13.642Z] ACCESS - User: admin@hrenterprise.com - Perms Count: 25
[2026-02-17T22:46:13.653Z] ACCESS - User: admin@hrenterprise.com - Perms Count: 25
[2026-02-17T22:55:09.700Z] ACCESS - User: admin@hrenterprise.com - Perms Count: 25
[2026-02-17T22:55:09.718Z] ACCESS - User: admin@hrenterprise.com - Perms Count: 25
[2026-02-17T22:55:50.310Z] ACCESS - User: admin@hrenterprise.com - Perms Count: 25
[2026-02-17T22:55:50.323Z] ACCESS - User: admin@hrenterprise.com - Perms Count: 25
[2026-02-17T22:59:38.985Z] DENIAL - Required: analytics:read - User Perms: employees:read, departments:read, attendance:read, attendance:create, leave:read, leave:create
[2026-02-17T22:59:40.017Z] DENIAL - Required: analytics:read - User Perms: employees:read, departments:read, attendance:read, attendance:create, leave:read, leave:create
[2026-02-17T22:59:45.208Z] DENIAL - Required: analytics:read - User Perms: employees:read, departments:read, attendance:read, attendance:create, leave:read, leave:create
[2026-02-17T22:59:46.237Z] DENIAL - Required: analytics:read - User Perms: employees:read, departments:read, attendance:read, attendance:create, leave:read, leave:create
[2026-02-17T22:59:49.971Z] DENIAL - Required: analytics:read - User Perms: employees:read, departments:read, attendance:read, attendance:create, leave:read, leave:create
[2026-02-17T22:59:51.019Z] DENIAL - Required: analytics:read - User Perms: employees:read, departments:read, attendance:read, attendance:create, leave:read, leave:create
[2026-02-17T22:59:53.395Z] DENIAL - Required: analytics:read - User Perms: employees:read, departments:read, attendance:read, attendance:create, leave:read, leave:create
[2026-02-17T22:59:55.142Z] DENIAL - Required: analytics:read - User Perms: employees:read, departments:read, attendance:read, attendance:create, leave:read, leave:create
[2026-02-17T22:59:58.439Z] ACCESS - User: emily.davis@hrenterprise.com - Perms Count: 6
[2026-02-17T22:59:58.445Z] ACCESS - User: emily.davis@hrenterprise.com - Perms Count: 6
[2026-02-17T22:59:58.451Z] ACCESS - User: emily.davis@hrenterprise.com - Perms Count: 6
[2026-02-17T22:59:58.457Z] ACCESS - User: emily.davis@hrenterprise.com - Perms Count: 6
[2026-02-17T22:59:58.485Z] ACCESS - User: emily.davis@hrenterprise.com - Perms Count: 6
[2026-02-17T22:59:58.495Z] ACCESS - User: emily.davis@hrenterprise.com - Perms Count: 6
[2026-02-17T22:59:58.519Z] ACCESS - User: emily.davis@hrenterprise.com - Perms Count: 6
[2026-02-17T22:59:58.534Z] ACCESS - User: emily.davis@hrenterprise.com - Perms Count: 6
[2026-02-17T23:00:23.188Z] ACCESS - User: emily.davis@hrenterprise.com - Perms Count: 6
[2026-02-17T23:00:23.201Z] ACCESS - User: emily.davis@hrenterprise.com - Perms Count: 6
[2026-02-17T23:00:28.686Z] ACCESS - User: emily.davis@hrenterprise.com - Perms Count: 6
[2026-02-17T23:00:28.700Z] ACCESS - User: emily.davis@hrenterprise.com - Perms Count: 6
[2026-02-17T23:00:29.729Z] ACCESS - User: emily.davis@hrenterprise.com - Perms Count: 6
[2026-02-17T23:00:29.743Z] ACCESS - User: emily.davis@hrenterprise.com - Perms Count: 6
[2026-02-17T23:00:31.054Z] ACCESS - User: emily.davis@hrenterprise.com - Perms Count: 6
[2026-02-17T23:00:31.074Z] ACCESS - User: emily.davis@hrenterprise.com - Perms Count: 6
[2026-02-17T23:00:42.484Z] ACCESS - User: emily.davis@hrenterprise.com - Perms Count: 6
[2026-02-17T23:00:42.495Z] ACCESS - User: emily.davis@hrenterprise.com - Perms Count: 6
[2026-02-17T23:01:21.547Z] ACCESS - User: admin@hrenterprise.com - Perms Count: 25
[2026-02-17T23:01:21.559Z] ACCESS - User: admin@hrenterprise.com - Perms Count: 25
[2026-02-17T23:01:25.940Z] ACCESS - User: admin@hrenterprise.com - Perms Count: 25
[2026-02-17T23:01:25.951Z] ACCESS - User: admin@hrenterprise.com - Perms Count: 25
[2026-02-17T23:04:21.280Z] ACCESS - User: admin@hrenterprise.com - Perms Count: 25
[2026-02-17T23:04:21.293Z] ACCESS - User: admin@hrenterprise.com - Perms Count: 25
[2026-02-17T23:06:40.924Z] DENIAL - Required: analytics:read - User Perms: employees:read, departments:read, attendance:read, attendance:create, leave:read, leave:create
[2026-02-17T23:06:41.967Z] DENIAL - Required: analytics:read - User Perms: employees:read, departments:read, attendance:read, attendance:create, leave:read, leave:create
[2026-02-17T23:06:45.036Z] DENIAL - Required: analytics:read - User Perms: employees:read, departments:read, attendance:read, attendance:create, leave:read, leave:create
[2026-02-17T23:06:46.063Z] DENIAL - Required: analytics:read - User Perms: employees:read, departments:read, attendance:read, attendance:create, leave:read, leave:create
[2026-02-17T23:06:49.996Z] ACCESS - User: emily.davis@hrenterprise.com - Perms Count: 6
[2026-02-17T23:06:50.006Z] ACCESS - User: emily.davis@hrenterprise.com - Perms Count: 6
[2026-02-17T23:06:50.014Z] ACCESS - User: emily.davis@hrenterprise.com - Perms Count: 6
[2026-02-17T23:06:50.019Z] ACCESS - User: emily.davis@hrenterprise.com - Perms Count: 6
[2026-02-17T23:06:50.038Z] ACCESS - User: emily.davis@hrenterprise.com - Perms Count: 6
[2026-02-17T23:06:50.049Z] ACCESS - User: emily.davis@hrenterprise.com - Perms Count: 6
[2026-02-17T23:06:50.062Z] ACCESS - User: emily.davis@hrenterprise.com - Perms Count: 6
[2026-02-17T23:06:50.068Z] ACCESS - User: emily.davis@hrenterprise.com - Perms Count: 6
[2026-02-17T23:07:28.165Z] ACCESS - User: emily.davis@hrenterprise.com - Perms Count: 6
[2026-02-17T23:07:28.181Z] ACCESS - User: emily.davis@hrenterprise.com - Perms Count: 6
[2026-02-17T23:07:37.070Z] ACCESS - User: emily.davis@hrenterprise.com - Perms Count: 6
[2026-02-17T23:07:37.076Z] ACCESS - User: emily.davis@hrenterprise.com - Perms Count: 6
[2026-02-17T23:07:37.084Z] ACCESS - User: emily.davis@hrenterprise.com - Perms Count: 6
[2026-02-17T23:07:37.120Z] ACCESS - User: emily.davis@hrenterprise.com - Perms Count: 6
[2026-02-17T23:07:37.174Z] ACCESS - User: emily.davis@hrenterprise.com - Perms Count: 6
[2026-02-17T23:07:37.201Z] ACCESS - User: emily.davis@hrenterprise.com - Perms Count: 6
[2026-02-17T23:07:37.222Z] ACCESS - User: emily.davis@hrenterprise.com - Perms Count: 6
[2026-02-17T23:07:37.254Z] ACCESS - User: emily.davis@hrenterprise.com - Perms Count: 6
[2026-02-17T23:08:16.125Z] ACCESS - User: emily.davis@hrenterprise.com - Perms Count: 6
[2026-02-17T23:08:16.140Z] ACCESS - User: emily.davis@hrenterprise.com - Perms Count: 6
[2026-02-17T23:08:17.925Z] ACCESS - User: emily.davis@hrenterprise.com - Perms Count: 6
[2026-02-17T23:08:17.993Z] ACCESS - User: emily.davis@hrenterprise.com - Perms Count: 6
[2026-02-17T23:08:40.994Z] ACCESS - User: admin@hrenterprise.com - Perms Count: 25
[2026-02-17T23:08:41.006Z] ACCESS - User: admin@hrenterprise.com - Perms Count: 25
[2026-02-17T23:08:45.178Z] ACCESS - User: admin@hrenterprise.com - Perms Count: 25
[2026-02-17T23:08:45.193Z] ACCESS - User: admin@hrenterprise.com - Perms Count: 25
[2026-02-17T23:11:34.119Z] ACCESS - User: admin@hrenterprise.com - Perms Count: 25
[2026-02-17T23:11:34.129Z] ACCESS - User: admin@hrenterprise.com - Perms Count: 25
[2026-02-17T23:14:50.404Z] ACCESS - User: admin@hrenterprise.com - Perms Count: 25
[2026-02-17T23:14:50.417Z] ACCESS - User: admin@hrenterprise.com - Perms Count: 25
[2026-02-18T03:38:14.699Z] ACCESS - User: sarah.johnson@hrenterprise.com - Perms Count: 21
[2026-02-18T03:38:14.710Z] ACCESS - User: sarah.johnson@hrenterprise.com - Perms Count: 21
[2026-02-18T03:38:38.773Z] ACCESS - User: sarah.johnson@hrenterprise.com - Perms Count: 21
[2026-02-18T03:38:38.779Z] ACCESS - User: sarah.johnson@hrenterprise.com - Perms Count: 21
[2026-02-18T03:38:42.756Z] ACCESS - User: sarah.johnson@hrenterprise.com - Perms Count: 21
[2026-02-18T03:38:42.762Z] ACCESS - User: sarah.johnson@hrenterprise.com - Perms Count: 21
[2026-02-18T03:38:42.768Z] ACCESS - User: sarah.johnson@hrenterprise.com - Perms Count: 21
[2026-02-18T03:38:42.772Z] ACCESS - User: sarah.johnson@hrenterprise.com - Perms Count: 21
[2026-02-18T03:44:57.803Z] ACCESS - User: sarah.johnson@hrenterprise.com - Perms Count: 21
[2026-02-18T03:44:57.813Z] ACCESS - User: sarah.johnson@hrenterprise.com - Perms Count: 21
[2026-02-18T03:44:57.816Z] ACCESS - User: sarah.johnson@hrenterprise.com - Perms Count: 21
[2026-02-18T03:44:57.825Z] ACCESS - User: sarah.johnson@hrenterprise.com - Perms Count: 21
[2026-02-18T03:45:06.662Z] ACCESS - User: sarah.johnson@hrenterprise.com - Perms Count: 21
[2026-02-18T03:45:06.676Z] ACCESS - User: sarah.johnson@hrenterprise.com - Perms Count: 21
[2026-02-18T03:49:09.828Z] ACCESS - User: sarah.johnson@hrenterprise.com - Perms Count: 21
[2026-02-18T03:49:09.832Z] ACCESS - User: sarah.johnson@hrenterprise.com - Perms Count: 21
[2026-02-18T03:52:30.331Z] ACCESS - User: admin@hrenterprise.com - Perms Count: 25
[2026-02-18T03:52:30.334Z] ACCESS - User: admin@hrenterprise.com - Perms Count: 25
[2026-02-18T03:55:31.153Z] ACCESS - User: admin@hrenterprise.com - Perms Count: 25
[2026-02-18T03:55:31.171Z] ACCESS - User: admin@hrenterprise.com - Perms Count: 25
[2026-02-18T03:57:54.949Z] ACCESS - User: admin@hrenterprise.com - Perms Count: 25
[2026-02-18T03:57:54.963Z] ACCESS - User: admin@hrenterprise.com - Perms Count: 25
[2026-02-18T03:58:03.270Z] ACCESS - User: admin@hrenterprise.com - Perms Count: 25
[2026-02-18T03:58:03.293Z] ACCESS - User: admin@hrenterprise.com - Perms Count: 25
[2026-02-18T03:59:19.035Z] ACCESS - User: admin@hrenterprise.com - Perms Count: 25
[2026-02-18T03:59:19.067Z] ACCESS - User: admin@hrenterprise.com - Perms Count: 25
[2026-02-18T04:02:46.831Z] ACCESS - User: admin@hrenterprise.com - Perms Count: 25
[2026-02-18T04:02:46.861Z] ACCESS - User: admin@hrenterprise.com - Perms Count: 25
[2026-02-18T04:05:50.198Z] ACCESS - User: admin@hrenterprise.com - Perms Count: 25
[2026-02-18T04:05:50.224Z] ACCESS - User: admin@hrenterprise.com - Perms Count: 25
[2026-02-18T04:05:57.729Z] ACCESS - User: admin@hrenterprise.com - Perms Count: 25
[2026-02-18T04:05:57.742Z] ACCESS - User: admin@hrenterprise.com - Perms Count: 25
[2026-02-18T04:08:52.079Z] ACCESS - User: admin@hrenterprise.com - Perms Count: 25
[2026-02-18T04:08:52.153Z] ACCESS - User: admin@hrenterprise.com - Perms Count: 25
[2026-02-18T04:09:38.015Z] ACCESS - User: admin@hrenterprise.com - Perms Count: 25
[2026-02-18T04:09:38.023Z] ACCESS - User: admin@hrenterprise.com - Perms Count: 25
[2026-02-18T04:10:27.126Z] ACCESS - User: admin@hrenterprise.com - Perms Count: 25
[2026-02-18T04:10:27.133Z] ACCESS - User: admin@hrenterprise.com - Perms Count: 25
[2026-02-18T04:12:17.107Z] ACCESS - User: admin@hrenterprise.com - Perms Count: 25
[2026-02-18T04:12:17.114Z] ACCESS - User: admin@hrenterprise.com - Perms Count: 25
[2026-02-18T04:15:37.846Z] ACCESS - User: admin@hrenterprise.com - Perms Count: 25
[2026-02-18T04:15:37.863Z] ACCESS - User: admin@hrenterprise.com - Perms Count: 25
[2026-02-18T04:24:34.836Z] ACCESS - User: admin@hrenterprise.com - Perms Count: 25
[2026-02-18T04:24:34.844Z] ACCESS - User: admin@hrenterprise.com - Perms Count: 25
[2026-02-18T06:21:27.361Z] ACCESS - User: admin@hrenterprise.com - Perms Count: 25
[2026-02-18T06:21:27.408Z] ACCESS - User: admin@hrenterprise.com - Perms Count: 25
[2026-02-18T06:21:38.465Z] ACCESS - User: admin@hrenterprise.com - Perms Count: 25
[2026-02-18T06:21:38.485Z] ACCESS - User: admin@hrenterprise.com - Perms Count: 25
[2026-02-18T06:21:39.768Z] ACCESS - User: admin@hrenterprise.com - Perms Count: 25
[2026-02-18T06:21:39.811Z] ACCESS - User: admin@hrenterprise.com - Perms Count: 25
[2026-02-18T06:22:15.389Z] ACCESS - User: admin@hrenterprise.com - Perms Count: 25
[2026-02-18T06:22:15.400Z] ACCESS - User: admin@hrenterprise.com - Perms Count: 25
[2026-02-18T06:25:45.344Z] ACCESS - User: admin@hrenterprise.com - Perms Count: 25
[2026-02-18T06:25:45.354Z] ACCESS - User: admin@hrenterprise.com - Perms Count: 25
[2026-02-18T06:26:02.129Z] ACCESS - User: admin@hrenterprise.com - Perms Count: 25
[2026-02-18T06:26:02.138Z] ACCESS - User: admin@hrenterprise.com - Perms Count: 25
[2026-02-18T06:26:02.144Z] ACCESS - User: admin@hrenterprise.com - Perms Count: 25
[2026-02-18T06:26:02.156Z] ACCESS - User: admin@hrenterprise.com - Perms Count: 25
[2026-02-18T06:26:09.297Z] DENIAL - Required: shifts:read - User Perms: users:read, users:create, users:update, users:delete, roles:read, roles:create, roles:update, roles:delete, employees:read, employees:create, employees:update, employees:delete, departments:read, departments:create, departments:update, departments:delete, attendance:read, attendance:create, attendance:update, attendance:delete, leave:read, leave:create, leave:approve, leave:manage, analytics:read
[2026-02-18T06:26:10.159Z] DENIAL - Required: holidays:read - User Perms: users:read, users:create, users:update, users:delete, roles:read, roles:create, roles:update, roles:delete, employees:read, employees:create, employees:update, employees:delete, departments:read, departments:create, departments:update, departments:delete, attendance:read, attendance:create, attendance:update, attendance:delete, leave:read, leave:create, leave:approve, leave:manage, analytics:read
[2026-02-18T06:26:11.185Z] DENIAL - Required: holidays:read - User Perms: users:read, users:create, users:update, users:delete, roles:read, roles:create, roles:update, roles:delete, employees:read, employees:create, employees:update, employees:delete, departments:read, departments:create, departments:update, departments:delete, attendance:read, attendance:create, attendance:update, attendance:delete, leave:read, leave:create, leave:approve, leave:manage, analytics:read
[2026-02-18T06:26:13.337Z] DENIAL - Required: shifts:read - User Perms: users:read, users:create, users:update, users:delete, roles:read, roles:create, roles:update, roles:delete, employees:read, employees:create, employees:update, employees:delete, departments:read, departments:create, departments:update, departments:delete, attendance:read, attendance:create, attendance:update, attendance:delete, leave:read, leave:create, leave:approve, leave:manage, analytics:read
[2026-02-18T06:26:14.370Z] DENIAL - Required: shifts:read - User Perms: users:read, users:create, users:update, users:delete, roles:read, roles:create, roles:update, roles:delete, employees:read, employees:create, employees:update, employees:delete, departments:read, departments:create, departments:update, departments:delete, attendance:read, attendance:create, attendance:update, attendance:delete, leave:read, leave:create, leave:approve, leave:manage, analytics:read
[2026-02-18T06:27:05.901Z] ACCESS - User: admin@hrenterprise.com - Perms Count: 25
[2026-02-18T06:27:05.908Z] ACCESS - User: admin@hrenterprise.com - Perms Count: 25
[2026-02-18T06:27:05.921Z] ACCESS - User: admin@hrenterprise.com - Perms Count: 25
[2026-02-18T06:27:05.927Z] ACCESS - User: admin@hrenterprise.com - Perms Count: 25
[2026-02-18T06:27:44.848Z] ACCESS - User: admin@hrenterprise.com - Perms Count: 25
[2026-02-18T06:27:44.857Z] ACCESS - User: admin@hrenterprise.com - Perms Count: 25
[2026-02-18T06:30:08.007Z] ACCESS - User: emily.davis@hrenterprise.com - Perms Count: 6
[2026-02-18T06:30:08.040Z] ACCESS - User: emily.davis@hrenterprise.com - Perms Count: 6
[2026-02-18T06:30:09.091Z] ACCESS - User: emily.davis@hrenterprise.com - Perms Count: 6
[2026-02-18T06:30:09.103Z] ACCESS - User: emily.davis@hrenterprise.com - Perms Count: 6
[2026-02-18T06:30:18.113Z] DENIAL - Required: analytics:read - User Perms: employees:read, departments:read, attendance:read, attendance:create, leave:read, leave:create
[2026-02-18T06:30:19.189Z] DENIAL - Required: analytics:read - User Perms: employees:read, departments:read, attendance:read, attendance:create, leave:read, leave:create
[2026-02-18T06:30:23.302Z] DENIAL - Required: analytics:read - User Perms: employees:read, departments:read, attendance:read, attendance:create, leave:read, leave:create
[2026-02-18T06:30:24.334Z] DENIAL - Required: analytics:read - User Perms: employees:read, departments:read, attendance:read, attendance:create, leave:read, leave:create
[2026-02-18T06:30:25.491Z] DENIAL - Required: analytics:read - User Perms: employees:read, departments:read, attendance:read, attendance:create, leave:read, leave:create
[2026-02-18T06:30:26.522Z] DENIAL - Required: analytics:read - User Perms: employees:read, departments:read, attendance:read, attendance:create, leave:read, leave:create
[2026-02-18T06:31:38.046Z] DENIAL - Required: analytics:read - User Perms: employees:read, departments:read, attendance:read, attendance:create, leave:read, leave:create
[2026-02-18T06:31:39.076Z] DENIAL - Required: analytics:read - User Perms: employees:read, departments:read, attendance:read, attendance:create, leave:read, leave:create
[2026-02-18T06:31:52.286Z] DENIAL - Required: analytics:read - User Perms: 
[2026-02-18T06:31:53.315Z] DENIAL - Required: analytics:read - User Perms: 
[2026-02-18T06:32:06.510Z] DENIAL - Required: analytics:read - User Perms: 
[2026-02-18T06:32:07.528Z] DENIAL - Required: analytics:read - User Perms: 
[2026-02-18T06:32:16.988Z] DENIAL - Required: analytics:read - User Perms: 
[2026-02-18T06:32:18.014Z] DENIAL - Required: analytics:read - User Perms: 
[2026-02-18T06:34:35.882Z] DENIAL - Required: analytics:read - User Perms: 
[2026-02-18T06:34:37.051Z] DENIAL - Required: analytics:read - User Perms: 
[2026-02-18T06:34:53.732Z] DENIAL - Required: analytics:read - User Perms: employees:read, departments:read, attendance:read, attendance:create, leave:read, leave:create
[2026-02-18T06:34:54.755Z] DENIAL - Required: analytics:read - User Perms: employees:read, departments:read, attendance:read, attendance:create, leave:read, leave:create
[2026-02-18T06:36:45.144Z] DENIAL - Required: analytics:read - User Perms: employees:read, departments:read, attendance:read, attendance:create, leave:read, leave:create
[2026-02-18T06:37:32.143Z] DENIAL - Required: analytics:read - User Perms: employees:read, departments:read, attendance:read, attendance:create, leave:read, leave:create
[2026-02-18T06:37:33.172Z] DENIAL - Required: analytics:read - User Perms: employees:read, departments:read, attendance:read, attendance:create, leave:read, leave:create
[2026-02-18T06:39:58.414Z] DENIAL - Required: analytics:read - User Perms: employees:read, departments:read, attendance:read, attendance:create, leave:read, leave:create
[2026-02-18T06:39:59.458Z] DENIAL - Required: analytics:read - User Perms: employees:read, departments:read, attendance:read, attendance:create, leave:read, leave:create
[2026-02-18T06:40:11.937Z] DENIAL - Required: analytics:read - User Perms: employees:read, departments:read, attendance:read, attendance:create, leave:read, leave:create
[2026-02-18T06:40:12.962Z] DENIAL - Required: analytics:read - User Perms: employees:read, departments:read, attendance:read, attendance:create, leave:read, leave:create
[2026-02-18T06:40:18.862Z] ACCESS - User: emily.davis@hrenterprise.com - Perms Count: 6
[2026-02-18T06:40:18.880Z] ACCESS - User: emily.davis@hrenterprise.com - Perms Count: 6
[2026-02-18T06:40:20.002Z] ACCESS - User: emily.davis@hrenterprise.com - Perms Count: 6
[2026-02-18T06:40:20.017Z] ACCESS - User: emily.davis@hrenterprise.com - Perms Count: 6
[2026-02-18T06:40:21.345Z] ACCESS - User: emily.davis@hrenterprise.com - Perms Count: 6
[2026-02-18T06:40:21.359Z] ACCESS - User: emily.davis@hrenterprise.com - Perms Count: 6
[2026-02-18T06:40:22.409Z] ACCESS - User: emily.davis@hrenterprise.com - Perms Count: 6
[2026-02-18T06:40:22.421Z] ACCESS - User: emily.davis@hrenterprise.com - Perms Count: 6
[2026-02-18T06:40:24.192Z] ACCESS - User: emily.davis@hrenterprise.com - Perms Count: 6
[2026-02-18T06:40:24.207Z] ACCESS - User: emily.davis@hrenterprise.com - Perms Count: 6
[2026-02-18T06:40:25.248Z] ACCESS - User: emily.davis@hrenterprise.com - Perms Count: 6
[2026-02-18T06:40:25.265Z] ACCESS - User: emily.davis@hrenterprise.com - Perms Count: 6
[2026-02-18T06:40:29.002Z] ACCESS - User: emily.davis@hrenterprise.com - Perms Count: 6
[2026-02-18T06:40:29.016Z] ACCESS - User: emily.davis@hrenterprise.com - Perms Count: 6
[2026-02-18T06:40:30.079Z] ACCESS - User: emily.davis@hrenterprise.com - Perms Count: 6
[2026-02-18T06:40:30.092Z] ACCESS - User: emily.davis@hrenterprise.com - Perms Count: 6
[2026-02-18T06:40:31.838Z] DENIAL - Required: roles:read - User Perms: employees:read, departments:read, attendance:read, attendance:create, leave:read, leave:create
[2026-02-18T06:40:31.930Z] DENIAL - Required: roles:read - User Perms: employees:read, departments:read, attendance:read, attendance:create, leave:read, leave:create
[2026-02-18T06:40:32.891Z] DENIAL - Required: roles:read - User Perms: employees:read, departments:read, attendance:read, attendance:create, leave:read, leave:create
[2026-02-18T06:40:32.985Z] DENIAL - Required: roles:read - User Perms: employees:read, departments:read, attendance:read, attendance:create, leave:read, leave:create
[2026-02-18T06:40:33.082Z] DENIAL - Required: roles:read - User Perms: employees:read, departments:read, attendance:read, attendance:create, leave:read, leave:create
[2026-02-18T06:40:33.129Z] DENIAL - Required: users:read - User Perms: employees:read, departments:read, attendance:read, attendance:create, leave:read, leave:create
[2026-02-18T06:40:34.119Z] DENIAL - Required: roles:read - User Perms: employees:read, departments:read, attendance:read, attendance:create, leave:read, leave:create
[2026-02-18T06:40:34.168Z] DENIAL - Required: users:read - User Perms: employees:read, departments:read, attendance:read, attendance:create, leave:read, leave:create
[2026-02-18T06:40:35.282Z] DENIAL - Required: shifts:read - User Perms: employees:read, departments:read, attendance:read, attendance:create, leave:read, leave:create
[2026-02-18T06:40:36.305Z] DENIAL - Required: shifts:read - User Perms: employees:read, departments:read, attendance:read, attendance:create, leave:read, leave:create
[2026-02-18T06:40:38.427Z] DENIAL - Required: holidays:read - User Perms: employees:read, departments:read, attendance:read, attendance:create, leave:read, leave:create
[2026-02-18T06:40:39.467Z] DENIAL - Required: holidays:read - User Perms: employees:read, departments:read, attendance:read, attendance:create, leave:read, leave:create
[2026-02-18T06:41:05.127Z] ACCESS - User: admin@hrenterprise.com - Perms Count: 25
[2026-02-18T06:41:05.137Z] ACCESS - User: admin@hrenterprise.com - Perms Count: 25
[2026-02-18T06:44:00.126Z] ACCESS - User: admin@hrenterprise.com - Perms Count: 25
[2026-02-18T06:44:00.140Z] ACCESS - User: admin@hrenterprise.com - Perms Count: 25
[2026-02-18T06:44:23.592Z] ACCESS - User: admin@hrenterprise.com - Perms Count: 25
[2026-02-18T06:44:23.599Z] ACCESS - User: admin@hrenterprise.com - Perms Count: 25
[2026-02-18T06:44:23.619Z] ACCESS - User: admin@hrenterprise.com - Perms Count: 25
[2026-02-18T06:44:23.626Z] ACCESS - User: admin@hrenterprise.com - Perms Count: 25
[2026-02-18T06:49:21.948Z] ACCESS - User: admin@hrenterprise.com - Perms Count: 25
[2026-02-18T06:49:21.959Z] ACCESS - User: admin@hrenterprise.com - Perms Count: 25
[2026-02-18T06:51:31.503Z] ACCESS - User: admin@hrenterprise.com - Perms Count: 25
[2026-02-18T06:51:31.516Z] ACCESS - User: admin@hrenterprise.com - Perms Count: 25
[2026-02-18T06:51:39.863Z] ACCESS - User: admin@hrenterprise.com - Perms Count: 25
[2026-02-18T06:51:39.868Z] ACCESS - User: admin@hrenterprise.com - Perms Count: 25
[2026-02-18T06:51:39.894Z] ACCESS - User: admin@hrenterprise.com - Perms Count: 25
[2026-02-18T06:51:39.898Z] ACCESS - User: admin@hrenterprise.com - Perms Count: 25
[2026-02-18T06:56:39.991Z] ACCESS - User: admin@hrenterprise.com - Perms Count: 25
[2026-02-18T06:56:40.005Z] ACCESS - User: admin@hrenterprise.com - Perms Count: 25
[2026-02-18T06:57:16.318Z] ACCESS - User: admin@hrenterprise.com - Perms Count: 25
[2026-02-18T06:57:16.332Z] ACCESS - User: admin@hrenterprise.com - Perms Count: 25
[2026-02-18T06:57:16.338Z] ACCESS - User: admin@hrenterprise.com - Perms Count: 25
[2026-02-18T06:57:16.354Z] ACCESS - User: admin@hrenterprise.com - Perms Count: 25
[2026-02-18T07:05:47.832Z] ACCESS - User: admin@hrenterprise.com - Perms Count: 25
[2026-02-18T07:05:47.846Z] ACCESS - User: admin@hrenterprise.com - Perms Count: 25
[2026-02-18T07:05:56.707Z] ACCESS - User: admin@hrenterprise.com - Perms Count: 25
[2026-02-18T07:05:56.719Z] ACCESS - User: admin@hrenterprise.com - Perms Count: 25
[2026-02-18T07:06:00.442Z] ACCESS - User: admin@hrenterprise.com - Perms Count: 25
[2026-02-18T07:06:00.459Z] ACCESS - User: admin@hrenterprise.com - Perms Count: 25
[2026-02-18T07:06:05.179Z] ACCESS - User: admin@hrenterprise.com - Perms Count: 25
[2026-02-18T07:06:05.191Z] ACCESS - User: admin@hrenterprise.com - Perms Count: 25
[2026-02-18T07:06:31.008Z] ACCESS - User: admin@hrenterprise.com - Perms Count: 25
[2026-02-18T07:06:31.013Z] ACCESS - User: admin@hrenterprise.com - Perms Count: 25
[2026-02-18T07:06:31.025Z] ACCESS - User: admin@hrenterprise.com - Perms Count: 25
[2026-02-18T07:06:31.032Z] ACCESS - User: admin@hrenterprise.com - Perms Count: 25
[2026-02-18T07:06:44.939Z] ACCESS - User: admin@hrenterprise.com - Perms Count: 25
[2026-02-18T07:06:44.957Z] ACCESS - User: admin@hrenterprise.com - Perms Count: 25
[2026-02-18T07:06:44.981Z] ACCESS - User: admin@hrenterprise.com - Perms Count: 25
[2026-02-18T07:06:45.010Z] ACCESS - User: admin@hrenterprise.com - Perms Count: 25
[2026-02-18T07:06:45.017Z] ACCESS - User: admin@hrenterprise.com - Perms Count: 25
[2026-02-18T07:06:45.040Z] ACCESS - User: admin@hrenterprise.com - Perms Count: 25
[2026-02-18T07:06:45.050Z] ACCESS - User: admin@hrenterprise.com - Perms Count: 25
[2026-02-18T07:06:45.085Z] ACCESS - User: admin@hrenterprise.com - Perms Count: 25
[2026-02-18T07:06:55.732Z] ACCESS - User: admin@hrenterprise.com - Perms Count: 25
[2026-02-18T07:06:55.743Z] ACCESS - User: admin@hrenterprise.com - Perms Count: 25
[2026-02-18T07:07:00.956Z] ACCESS - User: admin@hrenterprise.com - Perms Count: 25
[2026-02-18T07:07:00.971Z] ACCESS - User: admin@hrenterprise.com - Perms Count: 25
[2026-02-18T07:07:01.066Z] ACCESS - User: admin@hrenterprise.com - Perms Count: 25
[2026-02-18T07:07:01.087Z] ACCESS - User: admin@hrenterprise.com - Perms Count: 25
[2026-02-18T07:08:51.742Z] ACCESS - User: admin@hrenterprise.com - Perms Count: 25
[2026-02-18T07:08:51.748Z] ACCESS - User: admin@hrenterprise.com - Perms Count: 25
[2026-02-18T07:08:51.762Z] ACCESS - User: admin@hrenterprise.com - Perms Count: 25
[2026-02-18T07:08:51.767Z] ACCESS - User: admin@hrenterprise.com - Perms Count: 25
[2026-02-18T07:09:09.268Z] ACCESS - User: admin@hrenterprise.com - Perms Count: 25
[2026-02-18T07:09:09.278Z] ACCESS - User: admin@hrenterprise.com - Perms Count: 25
[2026-02-18T07:09:09.366Z] ACCESS - User: admin@hrenterprise.com - Perms Count: 25
[2026-02-18T07:09:09.382Z] ACCESS - User: admin@hrenterprise.com - Perms Count: 25
[2026-02-18T07:09:37.380Z] ACCESS - User: admin@hrenterprise.com - Perms Count: 25
[2026-02-18T07:09:37.394Z] ACCESS - User: admin@hrenterprise.com - Perms Count: 25
[2026-02-18T07:14:02.115Z] ACCESS - User: admin@hrenterprise.com - Perms Count: 25
[2026-02-18T07:14:02.124Z] ACCESS - User: admin@hrenterprise.com - Perms Count: 25
[2026-02-18T07:14:03.981Z] ACCESS - User: admin@hrenterprise.com - Perms Count: 25
[2026-02-18T07:14:04.000Z] ACCESS - User: admin@hrenterprise.com - Perms Count: 25
[2026-02-18T07:14:04.111Z] ACCESS - User: admin@hrenterprise.com - Perms Count: 25
[2026-02-18T07:14:04.138Z] ACCESS - User: admin@hrenterprise.com - Perms Count: 25
[2026-02-18T07:14:08.787Z] ACCESS - User: admin@hrenterprise.com - Perms Count: 25
[2026-02-18T07:14:08.798Z] ACCESS - User: admin@hrenterprise.com - Perms Count: 25
[2026-02-18T07:14:17.986Z] ACCESS - User: admin@hrenterprise.com - Perms Count: 25
[2026-02-18T07:14:18.001Z] ACCESS - User: admin@hrenterprise.com - Perms Count: 25
[2026-02-18T07:14:18.004Z] ACCESS - User: admin@hrenterprise.com - Perms Count: 25
[2026-02-18T07:14:18.021Z] ACCESS - User: admin@hrenterprise.com - Perms Count: 25
[2026-02-18T07:16:07.875Z] ACCESS - User: admin@hrenterprise.com - Perms Count: 25
[2026-02-18T07:16:07.890Z] ACCESS - User: admin@hrenterprise.com - Perms Count: 25
[2026-02-18T07:16:28.987Z] ACCESS - User: admin@hrenterprise.com - Perms Count: 25
[2026-02-18T07:16:28.996Z] ACCESS - User: admin@hrenterprise.com - Perms Count: 25
[2026-02-18T07:16:29.006Z] ACCESS - User: admin@hrenterprise.com - Perms Count: 25
[2026-02-18T07:16:29.022Z] ACCESS - User: admin@hrenterprise.com - Perms Count: 25
[2026-02-18T07:16:29.030Z] ACCESS - User: admin@hrenterprise.com - Perms Count: 25
[2026-02-18T07:16:29.039Z] ACCESS - User: admin@hrenterprise.com - Perms Count: 25
[2026-02-18T07:16:29.178Z] ACCESS - User: admin@hrenterprise.com - Perms Count: 25
[2026-02-18T07:16:29.197Z] ACCESS - User: admin@hrenterprise.com - Perms Count: 25
[2026-02-18T07:16:43.133Z] ACCESS - User: admin@hrenterprise.com - Perms Count: 25
[2026-02-18T07:16:43.142Z] ACCESS - User: admin@hrenterprise.com - Perms Count: 25
[2026-02-18T07:16:48.387Z] ACCESS - User: admin@hrenterprise.com - Perms Count: 25
[2026-02-18T07:16:48.400Z] ACCESS - User: admin@hrenterprise.com - Perms Count: 25
[2026-02-18T07:18:06.723Z] ACCESS - User: admin@hrenterprise.com - Perms Count: 25
[2026-02-18T07:18:06.741Z] ACCESS - User: admin@hrenterprise.com - Perms Count: 25
[2026-02-18T07:18:13.144Z] ACCESS - User: admin@hrenterprise.com - Perms Count: 25
[2026-02-18T07:18:13.157Z] ACCESS - User: admin@hrenterprise.com - Perms Count: 25
[2026-02-18T08:32:29.417Z] ACCESS - User: admin@hrenterprise.com - Perms Count: 25
[2026-02-18T08:32:29.432Z] ACCESS - User: admin@hrenterprise.com - Perms Count: 25
[2026-02-18T08:32:43.959Z] ACCESS - User: admin@hrenterprise.com - Perms Count: 25
[2026-02-18T08:32:43.969Z] ACCESS - User: admin@hrenterprise.com - Perms Count: 25
[2026-02-18T08:32:49.138Z] ACCESS - User: admin@hrenterprise.com - Perms Count: 25
[2026-02-18T08:32:49.151Z] ACCESS - User: admin@hrenterprise.com - Perms Count: 25
[2026-02-18T08:32:49.156Z] ACCESS - User: admin@hrenterprise.com - Perms Count: 25
[2026-02-18T08:32:49.168Z] ACCESS - User: admin@hrenterprise.com - Perms Count: 25
[2026-02-18T08:38:58.041Z] ACCESS - User: admin@hrenterprise.com - Perms Count: 25
[2026-02-18T08:38:58.066Z] ACCESS - User: admin@hrenterprise.com - Perms Count: 25
[2026-02-18T08:38:58.089Z] ACCESS - User: admin@hrenterprise.com - Perms Count: 25
[2026-02-18T08:38:58.118Z] ACCESS - User: admin@hrenterprise.com - Perms Count: 25
[2026-02-18T08:38:59.689Z] ACCESS - User: admin@hrenterprise.com - Perms Count: 25
[2026-02-18T08:38:59.696Z] ACCESS - User: admin@hrenterprise.com - Perms Count: 25
[2026-02-18T08:38:59.711Z] ACCESS - User: admin@hrenterprise.com - Perms Count: 25
[2026-02-18T08:38:59.716Z] ACCESS - User: admin@hrenterprise.com - Perms Count: 25
[2026-02-18T08:39:19.238Z] DENIAL - Required: analytics:read - User Perms: employees:read, departments:read, attendance:read, attendance:create, leave:read, leave:create
[2026-02-18T08:39:20.268Z] DENIAL - Required: analytics:read - User Perms: employees:read, departments:read, attendance:read, attendance:create, leave:read, leave:create
[2026-02-18T08:40:03.028Z] DENIAL - Required: analytics:read - User Perms: employees:read, departments:read, attendance:read, attendance:create, leave:read, leave:create
[2026-02-18T08:40:04.076Z] DENIAL - Required: analytics:read - User Perms: employees:read, departments:read, attendance:read, attendance:create, leave:read, leave:create
[2026-02-18T08:40:14.614Z] ACCESS - User: admin@hrenterprise.com - Perms Count: 25
[2026-02-18T08:40:14.627Z] ACCESS - User: admin@hrenterprise.com - Perms Count: 25
[2026-02-18T08:40:29.472Z] ACCESS - User: admin@hrenterprise.com - Perms Count: 25
[2026-02-18T08:40:29.482Z] ACCESS - User: admin@hrenterprise.com - Perms Count: 25
[2026-02-18T08:41:13.699Z] ACCESS - User: admin@hrenterprise.com - Perms Count: 25
[2026-02-18T08:41:13.708Z] ACCESS - User: admin@hrenterprise.com - Perms Count: 25
[2026-02-18T10:12:54.586Z] ACCESS - User: admin@hrenterprise.com - Perms Count: 25
[2026-02-18T10:12:54.624Z] ACCESS - User: admin@hrenterprise.com - Perms Count: 25
[2026-02-18T10:13:51.864Z] ACCESS - User: admin@hrenterprise.com - Perms Count: 25
[2026-02-18T10:13:51.942Z] ACCESS - User: admin@hrenterprise.com - Perms Count: 25
[2026-02-18T10:13:57.511Z] ACCESS - User: admin@hrenterprise.com - Perms Count: 25
[2026-02-18T10:13:57.564Z] ACCESS - User: admin@hrenterprise.com - Perms Count: 25
[2026-02-18T10:14:00.185Z] ACCESS - User: admin@hrenterprise.com - Perms Count: 25
[2026-02-18T10:14:00.215Z] ACCESS - User: admin@hrenterprise.com - Perms Count: 25
[2026-02-18T10:14:00.366Z] ACCESS - User: admin@hrenterprise.com - Perms Count: 25
[2026-02-18T10:14:00.797Z] ACCESS - User: admin@hrenterprise.com - Perms Count: 25
[2026-02-18T10:14:05.126Z] ACCESS - User: admin@hrenterprise.com - Perms Count: 25
[2026-02-18T10:14:05.159Z] ACCESS - User: admin@hrenterprise.com - Perms Count: 25
[2026-02-18T10:14:05.194Z] ACCESS - User: admin@hrenterprise.com - Perms Count: 25
[2026-02-18T10:14:05.273Z] ACCESS - User: admin@hrenterprise.com - Perms Count: 25
[2026-02-18T10:14:05.324Z] ACCESS - User: admin@hrenterprise.com - Perms Count: 25
[2026-02-18T10:14:05.763Z] ACCESS - User: admin@hrenterprise.com - Perms Count: 25
[2026-02-18T10:14:07.082Z] ACCESS - User: admin@hrenterprise.com - Perms Count: 25
[2026-02-18T10:14:07.339Z] ACCESS - User: admin@hrenterprise.com - Perms Count: 25
[2026-02-18T10:14:07.858Z] ACCESS - User: admin@hrenterprise.com - Perms Count: 25
[2026-02-18T10:14:07.939Z] ACCESS - User: admin@hrenterprise.com - Perms Count: 25
[2026-02-18T10:14:53.731Z] DENIAL - Required: shifts:read - User Perms: users:read, users:create, users:update, users:delete, roles:read, roles:create, roles:update, roles:delete, employees:read, employees:create, employees:update, employees:delete, departments:read, departments:create, departments:update, departments:delete, attendance:read, attendance:create, attendance:update, attendance:delete, leave:read, leave:create, leave:approve, leave:manage, analytics:read
[2026-02-18T10:14:54.804Z] DENIAL - Required: shifts:read - User Perms: users:read, users:create, users:update, users:delete, roles:read, roles:create, roles:update, roles:delete, employees:read, employees:create, employees:update, employees:delete, departments:read, departments:create, departments:update, departments:delete, attendance:read, attendance:create, attendance:update, attendance:delete, leave:read, leave:create, leave:approve, leave:manage, analytics:read
[2026-02-18T10:15:20.155Z] ACCESS - User: admin@hrenterprise.com - Perms Count: 25
[2026-02-18T10:15:20.211Z] ACCESS - User: admin@hrenterprise.com - Perms Count: 25
[2026-02-18T10:15:27.798Z] ACCESS - User: admin@hrenterprise.com - Perms Count: 25
[2026-02-18T10:15:27.831Z] ACCESS - User: admin@hrenterprise.com - Perms Count: 25
[2026-02-18T10:15:27.882Z] ACCESS - User: admin@hrenterprise.com - Perms Count: 25
[2026-02-18T10:15:27.936Z] ACCESS - User: admin@hrenterprise.com - Perms Count: 25
[2026-02-18T10:15:32.375Z] ACCESS - User: admin@hrenterprise.com - Perms Count: 25
[2026-02-18T10:15:32.438Z] ACCESS - User: admin@hrenterprise.com - Perms Count: 25
[2026-02-18T10:15:32.477Z] ACCESS - User: admin@hrenterprise.com - Perms Count: 25
[2026-02-18T10:15:32.532Z] ACCESS - User: admin@hrenterprise.com - Perms Count: 25
[2026-02-18T10:15:32.596Z] ACCESS - User: admin@hrenterprise.com - Perms Count: 25
[2026-02-18T10:15:32.756Z] ACCESS - User: admin@hrenterprise.com - Perms Count: 25
[2026-02-18T10:15:33.595Z] ACCESS - User: admin@hrenterprise.com - Perms Count: 25
[2026-02-18T10:15:33.676Z] ACCESS - User: admin@hrenterprise.com - Perms Count: 25
[2026-02-18T10:15:48.992Z] ACCESS - User: admin@hrenterprise.com - Perms Count: 25
[2026-02-18T10:15:49.186Z] ACCESS - User: admin@hrenterprise.com - Perms Count: 25
[2026-02-18T10:16:17.933Z] DENIAL - Required: holidays:read - User Perms: users:read, users:create, users:update, users:delete, roles:read, roles:create, roles:update, roles:delete, employees:read, employees:create, employees:update, employees:delete, departments:read, departments:create, departments:update, departments:delete, attendance:read, attendance:create, attendance:update, attendance:delete, leave:read, leave:create, leave:approve, leave:manage, analytics:read
[2026-02-18T10:16:19.001Z] DENIAL - Required: holidays:read - User Perms: users:read, users:create, users:update, users:delete, roles:read, roles:create, roles:update, roles:delete, employees:read, employees:create, employees:update, employees:delete, departments:read, departments:create, departments:update, departments:delete, attendance:read, attendance:create, attendance:update, attendance:delete, leave:read, leave:create, leave:approve, leave:manage, analytics:read
[2026-02-18T10:16:20.551Z] ACCESS - User: admin@hrenterprise.com - Perms Count: 25
[2026-02-18T10:16:20.590Z] ACCESS - User: admin@hrenterprise.com - Perms Count: 25
[2026-02-18T10:16:20.709Z] ACCESS - User: admin@hrenterprise.com - Perms Count: 25
[2026-02-18T10:16:20.734Z] ACCESS - User: admin@hrenterprise.com - Perms Count: 25
[2026-02-18T10:16:22.426Z] ACCESS - User: admin@hrenterprise.com - Perms Count: 25
[2026-02-18T10:16:22.451Z] ACCESS - User: admin@hrenterprise.com - Perms Count: 25
[2026-02-18T10:16:22.507Z] ACCESS - User: admin@hrenterprise.com - Perms Count: 25
[2026-02-18T10:16:22.523Z] ACCESS - User: admin@hrenterprise.com - Perms Count: 25
[2026-02-18T10:16:24.821Z] ACCESS - User: admin@hrenterprise.com - Perms Count: 25
[2026-02-18T10:16:24.842Z] ACCESS - User: admin@hrenterprise.com - Perms Count: 25
[2026-02-18T10:18:12.524Z] ACCESS - User: admin@hrenterprise.com - Perms Count: 25
[2026-02-18T10:18:12.544Z] ACCESS - User: admin@hrenterprise.com - Perms Count: 25
[2026-02-18T10:18:44.229Z] ACCESS - User: admin@hrenterprise.com - Perms Count: 25
[2026-02-18T10:18:44.252Z] ACCESS - User: admin@hrenterprise.com - Perms Count: 25
[2026-02-18T10:18:46.956Z] ACCESS - User: admin@hrenterprise.com - Perms Count: 25
[2026-02-18T10:18:47.022Z] ACCESS - User: admin@hrenterprise.com - Perms Count: 25
[2026-02-18T10:18:47.223Z] ACCESS - User: admin@hrenterprise.com - Perms Count: 25
[2026-02-18T10:18:47.267Z] ACCESS - User: admin@hrenterprise.com - Perms Count: 25
[2026-02-18T10:21:52.264Z] ACCESS - User: admin@hrenterprise.com - Perms Count: 25
[2026-02-18T10:21:52.291Z] ACCESS - User: admin@hrenterprise.com - Perms Count: 25
[2026-02-18T10:26:52.264Z] ACCESS - User: admin@hrenterprise.com - Perms Count: 25
[2026-02-18T10:26:52.298Z] ACCESS - User: admin@hrenterprise.com - Perms Count: 25
[2026-02-18T10:29:03.334Z] ACCESS - User: admin@hrenterprise.com - Perms Count: 25
[2026-02-18T10:29:03.352Z] ACCESS - User: admin@hrenterprise.com - Perms Count: 25
[2026-02-18T10:32:36.746Z] ACCESS - User: admin@hrenterprise.com - Perms Count: 25
[2026-02-18T10:32:36.758Z] ACCESS - User: admin@hrenterprise.com - Perms Count: 25
[2026-02-18T11:51:41.517Z] ACCESS - User: admin@hrenterprise.com - Perms Count: 25
[2026-02-18T11:51:41.532Z] ACCESS - User: admin@hrenterprise.com - Perms Count: 25
[2026-02-19T04:21:29.989Z] ACCESS - User: admin@hrenterprise.com - Perms Count: 25
[2026-02-19T04:21:29.999Z] ACCESS - User: admin@hrenterprise.com - Perms Count: 25
[2026-02-19T04:22:41.853Z] ACCESS - User: admin@hrenterprise.com - Perms Count: 25
[2026-02-19T04:22:41.868Z] ACCESS - User: admin@hrenterprise.com - Perms Count: 25
[2026-02-19T04:22:41.875Z] ACCESS - User: admin@hrenterprise.com - Perms Count: 25
[2026-02-19T04:22:41.893Z] ACCESS - User: admin@hrenterprise.com - Perms Count: 25
[2026-02-19T04:22:45.320Z] ACCESS - User: admin@hrenterprise.com - Perms Count: 25
[2026-02-19T04:22:45.334Z] ACCESS - User: admin@hrenterprise.com - Perms Count: 25
[2026-02-19T04:22:45.432Z] ACCESS - User: admin@hrenterprise.com - Perms Count: 25
[2026-02-19T04:22:45.438Z] ACCESS - User: admin@hrenterprise.com - Perms Count: 25
[2026-02-19T04:22:45.457Z] ACCESS - User: admin@hrenterprise.com - Perms Count: 25
[2026-02-19T04:22:45.463Z] ACCESS - User: admin@hrenterprise.com - Perms Count: 25
[2026-02-19T04:23:05.406Z] ACCESS - User: admin@hrenterprise.com - Perms Count: 25
[2026-02-19T04:23:05.420Z] ACCESS - User: admin@hrenterprise.com - Perms Count: 25
[2026-02-19T04:23:33.845Z] ACCESS - User: admin@hrenterprise.com - Perms Count: 25
[2026-02-19T04:23:33.861Z] ACCESS - User: admin@hrenterprise.com - Perms Count: 25
[2026-02-19T04:41:28.999Z] ACCESS - User: admin@hrenterprise.com - Perms Count: 25
[2026-02-19T04:41:29.011Z] ACCESS - User: admin@hrenterprise.com - Perms Count: 25
[2026-02-19T04:43:13.756Z] ACCESS - User: admin@hrenterprise.com - Perms Count: 25
[2026-02-19T04:43:13.770Z] ACCESS - User: admin@hrenterprise.com - Perms Count: 25
[2026-02-19T04:43:13.867Z] ACCESS - User: admin@hrenterprise.com - Perms Count: 25
[2026-02-19T04:43:13.883Z] ACCESS - User: admin@hrenterprise.com - Perms Count: 25
[2026-02-19T04:43:28.636Z] ACCESS - User: admin@hrenterprise.com - Perms Count: 25
[2026-02-19T04:43:28.650Z] ACCESS - User: admin@hrenterprise.com - Perms Count: 25
[2026-02-19T04:48:06.944Z] ACCESS - User: admin@hrenterprise.com - Perms Count: 25
[2026-02-19T04:48:06.959Z] ACCESS - User: admin@hrenterprise.com - Perms Count: 25
[2026-02-19T04:48:07.091Z] ACCESS - User: admin@hrenterprise.com - Perms Count: 25
[2026-02-19T04:48:07.102Z] ACCESS - User: admin@hrenterprise.com - Perms Count: 25
[2026-02-19T04:48:46.555Z] ACCESS - User: admin@hrenterprise.com - Perms Count: 25
[2026-02-19T04:48:46.577Z] ACCESS - User: admin@hrenterprise.com - Perms Count: 25
[2026-02-19T04:48:46.639Z] ACCESS - User: admin@hrenterprise.com - Perms Count: 25
[2026-02-19T04:48:46.652Z] ACCESS - User: admin@hrenterprise.com - Perms Count: 25
[2026-02-19T05:18:31.849Z] ACCESS - User: admin@hrenterprise.com - Perms Count: 30
[2026-02-19T05:18:31.858Z] ACCESS - User: admin@hrenterprise.com - Perms Count: 30
[2026-02-19T05:30:34.673Z] ACCESS - User: admin@hrenterprise.com - Perms Count: 30
[2026-02-19T05:30:34.685Z] ACCESS - User: admin@hrenterprise.com - Perms Count: 30
[2026-02-19T05:35:18.454Z] ACCESS - User: admin@hrenterprise.com - Perms Count: 30
[2026-02-19T05:35:18.470Z] ACCESS - User: admin@hrenterprise.com - Perms Count: 30
[2026-02-19T05:39:12.062Z] ACCESS - User: admin@hrenterprise.com - Perms Count: 30
[2026-02-19T05:39:12.091Z] ACCESS - User: admin@hrenterprise.com - Perms Count: 30
[2026-02-19T06:04:06.446Z] ACCESS - User: admin@hrenterprise.com - Perms Count: 30
[2026-02-19T06:04:06.459Z] ACCESS - User: admin@hrenterprise.com - Perms Count: 30
[2026-02-26T10:24:50.604Z] ACCESS - User: admin@hrenterprise.com - Perms Count: 30
[2026-02-26T10:24:50.618Z] ACCESS - User: admin@hrenterprise.com - Perms Count: 30
[2026-02-26T10:27:10.180Z] ACCESS - User: admin@hrenterprise.com - Perms Count: 30
[2026-02-26T10:27:10.224Z] ACCESS - User: admin@hrenterprise.com - Perms Count: 30
[2026-02-26T10:30:00.487Z] ACCESS - User: admin@hrenterprise.com - Perms Count: 30
[2026-02-26T10:30:00.511Z] ACCESS - User: admin@hrenterprise.com - Perms Count: 30
[2026-02-26T10:32:23.834Z] ACCESS - User: admin@hrenterprise.com - Perms Count: 30
[2026-02-26T10:32:23.913Z] ACCESS - User: admin@hrenterprise.com - Perms Count: 30
[2026-02-26T11:18:25.536Z] ACCESS - User: admin@hrenterprise.com - Perms Count: 30
[2026-02-26T11:18:25.544Z] ACCESS - User: admin@hrenterprise.com - Perms Count: 30
[2026-02-26T11:20:27.558Z] ACCESS - User: admin@hrenterprise.com - Perms Count: 30
[2026-02-26T11:20:27.953Z] ACCESS - User: admin@hrenterprise.com - Perms Count: 30
[2026-02-26T11:20:32.725Z] ACCESS - User: admin@hrenterprise.com - Perms Count: 30
[2026-02-26T11:20:32.770Z] ACCESS - User: admin@hrenterprise.com - Perms Count: 30
[2026-02-26T11:20:41.030Z] ACCESS - User: admin@hrenterprise.com - Perms Count: 30
[2026-02-26T11:20:41.059Z] ACCESS - User: admin@hrenterprise.com - Perms Count: 30
[2026-02-26T11:20:47.114Z] ACCESS - User: admin@hrenterprise.com - Perms Count: 30
[2026-02-26T11:20:47.139Z] ACCESS - User: admin@hrenterprise.com - Perms Count: 30
[2026-02-26T11:20:47.573Z] ACCESS - User: admin@hrenterprise.com - Perms Count: 30
[2026-02-26T11:20:47.654Z] ACCESS - User: admin@hrenterprise.com - Perms Count: 30
[2026-02-26T11:20:49.947Z] ACCESS - User: admin@hrenterprise.com - Perms Count: 30
[2026-02-26T11:20:49.978Z] ACCESS - User: admin@hrenterprise.com - Perms Count: 30
[2026-02-26T11:20:58.494Z] ACCESS - User: admin@hrenterprise.com - Perms Count: 30
[2026-02-26T11:20:58.595Z] ACCESS - User: admin@hrenterprise.com - Perms Count: 30
[2026-02-26T11:20:59.474Z] ACCESS - User: admin@hrenterprise.com - Perms Count: 30
[2026-02-26T11:20:59.661Z] ACCESS - User: admin@hrenterprise.com - Perms Count: 30
[2026-02-26T11:21:38.539Z] ACCESS - User: admin@hrenterprise.com - Perms Count: 30
[2026-02-26T11:21:38.558Z] ACCESS - User: admin@hrenterprise.com - Perms Count: 30
[2026-02-26T11:21:38.772Z] ACCESS - User: admin@hrenterprise.com - Perms Count: 30
[2026-02-26T11:21:38.805Z] ACCESS - User: admin@hrenterprise.com - Perms Count: 30
[2026-02-26T11:21:47.386Z] ACCESS - User: admin@hrenterprise.com - Perms Count: 30
[2026-02-26T11:21:47.423Z] ACCESS - User: admin@hrenterprise.com - Perms Count: 30
[2026-02-26T11:21:47.712Z] ACCESS - User: admin@hrenterprise.com - Perms Count: 30
[2026-02-26T11:21:47.823Z] ACCESS - User: admin@hrenterprise.com - Perms Count: 30
[2026-02-26T11:21:56.916Z] ACCESS - User: admin@hrenterprise.com - Perms Count: 30
[2026-02-26T11:21:56.934Z] ACCESS - User: admin@hrenterprise.com - Perms Count: 30
[2026-02-26T11:21:57.039Z] ACCESS - User: admin@hrenterprise.com - Perms Count: 30
[2026-02-26T11:21:57.095Z] ACCESS - User: admin@hrenterprise.com - Perms Count: 30
[2026-02-26T11:30:20.247Z] ACCESS - User: admin@hrenterprise.com - Perms Count: 30
[2026-02-26T11:30:20.259Z] ACCESS - User: admin@hrenterprise.com - Perms Count: 30
[2026-02-26T11:32:49.635Z] ACCESS - User: admin@hrenterprise.com - Perms Count: 30
[2026-02-26T11:32:49.650Z] ACCESS - User: admin@hrenterprise.com - Perms Count: 30
[2026-02-26T11:35:50.344Z] ACCESS - User: admin@hrenterprise.com - Perms Count: 30
[2026-02-26T11:35:50.354Z] ACCESS - User: admin@hrenterprise.com - Perms Count: 30
[2026-02-26T11:36:46.206Z] ACCESS - User: admin@hrenterprise.com - Perms Count: 30
[2026-02-26T11:36:46.226Z] ACCESS - User: admin@hrenterprise.com - Perms Count: 30
[2026-02-26T11:37:13.889Z] ACCESS - User: admin@hrenterprise.com - Perms Count: 30
[2026-02-26T11:37:13.950Z] ACCESS - User: admin@hrenterprise.com - Perms Count: 30
[2026-02-26T11:37:23.995Z] ACCESS - User: admin@hrenterprise.com - Perms Count: 30
[2026-02-26T11:37:24.039Z] ACCESS - User: admin@hrenterprise.com - Perms Count: 30
[2026-02-26T11:37:45.398Z] ACCESS - User: admin@hrenterprise.com - Perms Count: 30
[2026-02-26T11:37:45.417Z] ACCESS - User: admin@hrenterprise.com - Perms Count: 30
[2026-02-26T11:37:45.450Z] ACCESS - User: admin@hrenterprise.com - Perms Count: 30
[2026-02-26T11:37:45.500Z] ACCESS - User: admin@hrenterprise.com - Perms Count: 30
[2026-02-26T11:38:22.596Z] ACCESS - User: admin@hrenterprise.com - Perms Count: 30
[2026-02-26T11:38:22.713Z] ACCESS - User: admin@hrenterprise.com - Perms Count: 30
[2026-02-26T11:38:28.638Z] ACCESS - User: admin@hrenterprise.com - Perms Count: 30
[2026-02-26T11:38:28.666Z] ACCESS - User: admin@hrenterprise.com - Perms Count: 30
[2026-02-26T11:38:33.021Z] ACCESS - User: admin@hrenterprise.com - Perms Count: 30
[2026-02-26T11:38:33.039Z] ACCESS - User: admin@hrenterprise.com - Perms Count: 30
[2026-02-26T11:38:33.065Z] ACCESS - User: admin@hrenterprise.com - Perms Count: 30
[2026-02-26T11:38:33.093Z] ACCESS - User: admin@hrenterprise.com - Perms Count: 30
[2026-02-26T11:49:34.056Z] ACCESS - User: admin@hrenterprise.com - Perms Count: 30
[2026-02-26T11:49:34.099Z] ACCESS - User: admin@hrenterprise.com - Perms Count: 30
[2026-02-26T11:56:41.598Z] ACCESS - User: admin@hrenterprise.com - Perms Count: 30
[2026-02-26T11:56:41.607Z] ACCESS - User: admin@hrenterprise.com - Perms Count: 30
[2026-02-26T11:56:46.204Z] ACCESS - User: admin@hrenterprise.com - Perms Count: 30
[2026-02-26T11:56:46.235Z] ACCESS - User: admin@hrenterprise.com - Perms Count: 30
[2026-02-26T11:56:46.244Z] ACCESS - User: admin@hrenterprise.com - Perms Count: 30
[2026-02-26T11:56:46.291Z] ACCESS - User: admin@hrenterprise.com - Perms Count: 30
[2026-02-26T11:57:00.387Z] ACCESS - User: admin@hrenterprise.com - Perms Count: 30
[2026-02-26T11:57:00.413Z] ACCESS - User: admin@hrenterprise.com - Perms Count: 30
[2026-02-26T12:00:35.122Z] ACCESS - User: admin@hrenterprise.com - Perms Count: 30
[2026-02-26T12:00:35.132Z] ACCESS - User: admin@hrenterprise.com - Perms Count: 30
[2026-02-26T12:00:41.902Z] ACCESS - User: admin@hrenterprise.com - Perms Count: 30
[2026-02-26T12:00:41.914Z] ACCESS - User: admin@hrenterprise.com - Perms Count: 30
[2026-02-26T12:00:41.920Z] ACCESS - User: admin@hrenterprise.com - Perms Count: 30
[2026-02-26T12:00:41.937Z] ACCESS - User: admin@hrenterprise.com - Perms Count: 30
[2026-02-26T12:17:36.888Z] ACCESS - User: admin@hrenterprise.com - Perms Count: 30
[2026-02-26T12:17:36.905Z] ACCESS - User: admin@hrenterprise.com - Perms Count: 30
[2026-02-26T12:31:05.160Z] ACCESS - User: admin@hrenterprise.com - Perms Count: 30
[2026-02-26T12:31:05.267Z] ACCESS - User: admin@hrenterprise.com - Perms Count: 30
[2026-02-26T23:28:29.499Z] ACCESS - User: admin@hrenterprise.com - Perms Count: 30
[2026-02-26T23:28:29.526Z] ACCESS - User: admin@hrenterprise.com - Perms Count: 30
[2026-02-26T23:31:59.295Z] ACCESS - User: admin@hrenterprise.com - Perms Count: 30
[2026-02-26T23:31:59.310Z] ACCESS - User: admin@hrenterprise.com - Perms Count: 30
[2026-02-26T23:34:12.344Z] ACCESS - User: admin@hrenterprise.com - Perms Count: 30
[2026-02-26T23:34:12.348Z] ACCESS - User: admin@hrenterprise.com - Perms Count: 30
[2026-02-26T23:39:08.376Z] ACCESS - User: admin@hrenterprise.com - Perms Count: 30
[2026-02-26T23:39:08.380Z] ACCESS - User: admin@hrenterprise.com - Perms Count: 30
[2026-02-26T23:40:42.969Z] ACCESS - User: admin@hrenterprise.com - Perms Count: 30
[2026-02-26T23:40:42.984Z] ACCESS - User: admin@hrenterprise.com - Perms Count: 30
[2026-02-27T00:03:17.135Z] ACCESS - User: admin@hrenterprise.com - Perms Count: 30
[2026-02-27T00:03:17.165Z] ACCESS - User: admin@hrenterprise.com - Perms Count: 30
[2026-02-27T00:07:43.901Z] ACCESS - User: admin@hrenterprise.com - Perms Count: 30
[2026-02-27T00:07:43.921Z] ACCESS - User: admin@hrenterprise.com - Perms Count: 30
[2026-02-27T00:08:24.904Z] ACCESS - User: admin@hrenterprise.com - Perms Count: 30
[2026-02-27T00:08:24.915Z] ACCESS - User: admin@hrenterprise.com - Perms Count: 30
[2026-02-27T00:08:31.825Z] ACCESS - User: admin@hrenterprise.com - Perms Count: 30
[2026-02-27T00:08:31.846Z] ACCESS - User: admin@hrenterprise.com - Perms Count: 30
[2026-02-27T00:08:52.329Z] ACCESS - User: admin@hrenterprise.com - Perms Count: 30
[2026-02-27T00:08:52.335Z] ACCESS - User: admin@hrenterprise.com - Perms Count: 30
[2026-02-27T00:09:31.749Z] ACCESS - User: admin@hrenterprise.com - Perms Count: 30
[2026-02-27T00:09:31.797Z] ACCESS - User: admin@hrenterprise.com - Perms Count: 30
[2026-02-27T00:13:58.493Z] ACCESS - User: admin@hrenterprise.com - Perms Count: 30
[2026-02-27T00:13:58.517Z] ACCESS - User: admin@hrenterprise.com - Perms Count: 30
[2026-02-27T00:24:05.125Z] ACCESS - User: admin@hrenterprise.com - Perms Count: 30
[2026-02-27T00:24:05.136Z] ACCESS - User: admin@hrenterprise.com - Perms Count: 30
[2026-02-27T00:30:11.866Z] ACCESS - User: admin@hrenterprise.com - Perms Count: 30
[2026-02-27T00:30:11.884Z] ACCESS - User: admin@hrenterprise.com - Perms Count: 30
[2026-02-27T00:31:27.292Z] ACCESS - User: admin@hrenterprise.com - Perms Count: 30
[2026-02-27T00:31:27.303Z] ACCESS - User: admin@hrenterprise.com - Perms Count: 30
[2026-02-27T00:31:34.946Z] ACCESS - User: admin@hrenterprise.com - Perms Count: 30
[2026-02-27T00:31:34.965Z] ACCESS - User: admin@hrenterprise.com - Perms Count: 30
[2026-02-27T00:31:34.980Z] ACCESS - User: admin@hrenterprise.com - Perms Count: 30
[2026-02-27T00:31:34.997Z] ACCESS - User: admin@hrenterprise.com - Perms Count: 30
[2026-02-27T00:33:20.032Z] ACCESS - User: admin@hrenterprise.com - Perms Count: 30
[2026-02-27T00:33:20.075Z] ACCESS - User: admin@hrenterprise.com - Perms Count: 30
[2026-02-27T00:33:20.331Z] ACCESS - User: admin@hrenterprise.com - Perms Count: 30
[2026-02-27T00:33:20.387Z] ACCESS - User: admin@hrenterprise.com - Perms Count: 30
[2026-02-27T00:33:21.469Z] ACCESS - User: admin@hrenterprise.com - Perms Count: 30
[2026-02-27T00:33:21.536Z] ACCESS - User: admin@hrenterprise.com - Perms Count: 30
[2026-02-27T00:33:21.741Z] ACCESS - User: admin@hrenterprise.com - Perms Count: 30
[2026-02-27T00:33:21.799Z] ACCESS - User: admin@hrenterprise.com - Perms Count: 30
[2026-02-27T00:33:21.858Z] ACCESS - User: admin@hrenterprise.com - Perms Count: 30
[2026-02-27T00:33:22.099Z] ACCESS - User: admin@hrenterprise.com - Perms Count: 30
[2026-02-27T00:33:26.330Z] ACCESS - User: admin@hrenterprise.com - Perms Count: 30
[2026-02-27T00:33:26.347Z] ACCESS - User: admin@hrenterprise.com - Perms Count: 30
[2026-02-27T00:33:26.389Z] ACCESS - User: admin@hrenterprise.com - Perms Count: 30
[2026-02-27T00:33:26.424Z] ACCESS - User: admin@hrenterprise.com - Perms Count: 30
[2026-02-27T00:33:38.793Z] ACCESS - User: admin@hrenterprise.com - Perms Count: 30
[2026-02-27T00:33:38.814Z] ACCESS - User: admin@hrenterprise.com - Perms Count: 30
[2026-02-27T00:33:39.045Z] ACCESS - User: admin@hrenterprise.com - Perms Count: 30
[2026-02-27T00:33:39.107Z] ACCESS - User: admin@hrenterprise.com - Perms Count: 30
[2026-02-27T00:33:39.339Z] ACCESS - User: admin@hrenterprise.com - Perms Count: 30
[2026-02-27T00:33:39.416Z] ACCESS - User: admin@hrenterprise.com - Perms Count: 30
[2026-02-27T00:33:44.727Z] ACCESS - User: admin@hrenterprise.com - Perms Count: 30
[2026-02-27T00:33:44.747Z] ACCESS - User: admin@hrenterprise.com - Perms Count: 30
[2026-02-27T00:34:02.958Z] ACCESS - User: admin@hrenterprise.com - Perms Count: 30
[2026-02-27T00:34:02.987Z] ACCESS - User: admin@hrenterprise.com - Perms Count: 30
[2026-02-27T00:34:07.051Z] ACCESS - User: admin@hrenterprise.com - Perms Count: 30
[2026-02-27T00:34:07.114Z] ACCESS - User: admin@hrenterprise.com - Perms Count: 30
[2026-02-27T00:34:07.368Z] ACCESS - User: admin@hrenterprise.com - Perms Count: 30
[2026-02-27T00:34:07.527Z] ACCESS - User: admin@hrenterprise.com - Perms Count: 30
[2026-02-27T00:34:52.105Z] ACCESS - User: admin@hrenterprise.com - Perms Count: 30
[2026-02-27T00:34:52.113Z] ACCESS - User: admin@hrenterprise.com - Perms Count: 30
[2026-02-27T00:34:53.201Z] ACCESS - User: admin@hrenterprise.com - Perms Count: 30
[2026-02-27T00:34:53.207Z] ACCESS - User: admin@hrenterprise.com - Perms Count: 30
[2026-02-27T00:34:53.211Z] ACCESS - User: admin@hrenterprise.com - Perms Count: 30
[2026-02-27T00:34:53.221Z] ACCESS - User: admin@hrenterprise.com - Perms Count: 30
[2026-02-27T00:34:54.920Z] ACCESS - User: admin@hrenterprise.com - Perms Count: 30
[2026-02-27T00:34:54.926Z] ACCESS - User: admin@hrenterprise.com - Perms Count: 30
[2026-03-04T06:23:17.376Z] ACCESS - User: admin@hrenterprise.com - Perms Count: 30
[2026-03-04T06:23:17.394Z] ACCESS - User: admin@hrenterprise.com - Perms Count: 30
[2026-03-04T06:23:27.758Z] ACCESS - User: admin@hrenterprise.com - Perms Count: 30
[2026-03-04T06:23:27.805Z] ACCESS - User: admin@hrenterprise.com - Perms Count: 30
[2026-03-04T06:23:27.893Z] ACCESS - User: admin@hrenterprise.com - Perms Count: 30
[2026-03-04T06:23:27.910Z] ACCESS - User: admin@hrenterprise.com - Perms Count: 30
[2026-03-04T06:23:37.395Z] ACCESS - User: admin@hrenterprise.com - Perms Count: 30
[2026-03-04T06:23:37.405Z] ACCESS - User: admin@hrenterprise.com - Perms Count: 30
[2026-03-04T06:23:37.409Z] ACCESS - User: admin@hrenterprise.com - Perms Count: 30
[2026-03-04T06:23:37.417Z] ACCESS - User: admin@hrenterprise.com - Perms Count: 30
[2026-03-04T06:24:12.754Z] ACCESS - User: admin@hrenterprise.com - Perms Count: 30
[2026-03-04T06:24:12.792Z] ACCESS - User: admin@hrenterprise.com - Perms Count: 30
[2026-03-04T06:24:12.821Z] ACCESS - User: admin@hrenterprise.com - Perms Count: 30
[2026-03-04T06:24:12.865Z] ACCESS - User: admin@hrenterprise.com - Perms Count: 30
[2026-03-04T06:25:26.715Z] ACCESS - User: admin@hrenterprise.com - Perms Count: 30
[2026-03-04T06:25:26.726Z] ACCESS - User: admin@hrenterprise.com - Perms Count: 30
[2026-03-04T06:25:26.737Z] ACCESS - User: admin@hrenterprise.com - Perms Count: 30
[2026-03-04T06:25:26.745Z] ACCESS - User: admin@hrenterprise.com - Perms Count: 30
[2026-03-04T06:25:27.145Z] ACCESS - User: admin@hrenterprise.com - Perms Count: 30
[2026-03-04T06:25:27.147Z] ACCESS - User: admin@hrenterprise.com - Perms Count: 30
[2026-03-04T06:25:27.153Z] ACCESS - User: admin@hrenterprise.com - Perms Count: 30
[2026-03-04T06:25:27.157Z] ACCESS - User: admin@hrenterprise.com - Perms Count: 30
[2026-03-04T06:25:27.403Z] ACCESS - User: admin@hrenterprise.com - Perms Count: 30
[2026-03-04T06:25:27.410Z] ACCESS - User: admin@hrenterprise.com - Perms Count: 30
[2026-03-04T06:25:27.414Z] ACCESS - User: admin@hrenterprise.com - Perms Count: 30
[2026-03-04T06:25:27.424Z] ACCESS - User: admin@hrenterprise.com - Perms Count: 30
[2026-03-04T06:25:29.525Z] ACCESS - User: admin@hrenterprise.com - Perms Count: 30
[2026-03-04T06:25:29.531Z] ACCESS - User: admin@hrenterprise.com - Perms Count: 30
[2026-03-04T06:26:08.933Z] ACCESS - User: admin@hrenterprise.com - Perms Count: 30
[2026-03-04T06:26:08.965Z] ACCESS - User: admin@hrenterprise.com - Perms Count: 30
[2026-03-04T06:26:20.720Z] ACCESS - User: admin@hrenterprise.com - Perms Count: 30
[2026-03-04T06:26:20.729Z] ACCESS - User: admin@hrenterprise.com - Perms Count: 30
[2026-03-04T06:26:53.260Z] ACCESS - User: admin@hrenterprise.com - Perms Count: 30
[2026-03-04T06:26:53.301Z] ACCESS - User: admin@hrenterprise.com - Perms Count: 30
[2026-03-04T06:26:53.318Z] ACCESS - User: admin@hrenterprise.com - Perms Count: 30
[2026-03-04T06:26:53.473Z] ACCESS - User: admin@hrenterprise.com - Perms Count: 30
[2026-03-04T06:26:53.562Z] ACCESS - User: admin@hrenterprise.com - Perms Count: 30
[2026-03-04T06:26:53.645Z] ACCESS - User: admin@hrenterprise.com - Perms Count: 30
[2026-03-04T06:26:53.910Z] ACCESS - User: admin@hrenterprise.com - Perms Count: 30
[2026-03-04T06:26:53.973Z] ACCESS - User: admin@hrenterprise.com - Perms Count: 30
[2026-03-04T06:27:01.745Z] ACCESS - User: admin@hrenterprise.com - Perms Count: 30
[2026-03-04T06:27:01.830Z] ACCESS - User: admin@hrenterprise.com - Perms Count: 30
[2026-03-04T06:27:02.020Z] ACCESS - User: admin@hrenterprise.com - Perms Count: 30
[2026-03-04T06:27:02.141Z] ACCESS - User: admin@hrenterprise.com - Perms Count: 30
[2026-03-04T06:27:11.695Z] ACCESS - User: admin@hrenterprise.com - Perms Count: 30
[2026-03-04T06:27:11.871Z] ACCESS - User: admin@hrenterprise.com - Perms Count: 30
[2026-03-04T06:27:41.504Z] ACCESS - User: admin@hrenterprise.com - Perms Count: 30
[2026-03-04T06:27:41.547Z] ACCESS - User: admin@hrenterprise.com - Perms Count: 30
[2026-03-04T06:27:41.607Z] ACCESS - User: admin@hrenterprise.com - Perms Count: 30
[2026-03-04T06:27:41.661Z] ACCESS - User: admin@hrenterprise.com - Perms Count: 30
[2026-03-04T06:28:03.998Z] ACCESS - User: admin@hrenterprise.com - Perms Count: 30
[2026-03-04T06:28:04.004Z] ACCESS - User: admin@hrenterprise.com - Perms Count: 30
[2026-03-04T06:28:21.881Z] ACCESS - User: admin@hrenterprise.com - Perms Count: 30
[2026-03-04T06:28:21.887Z] ACCESS - User: admin@hrenterprise.com - Perms Count: 30
[2026-03-04T06:30:26.710Z] ACCESS - User: admin@hrenterprise.com - Perms Count: 30
[2026-03-04T06:30:26.735Z] ACCESS - User: admin@hrenterprise.com - Perms Count: 30
[2026-03-04T06:30:26.894Z] ACCESS - User: admin@hrenterprise.com - Perms Count: 30
[2026-03-04T06:30:26.911Z] ACCESS - User: admin@hrenterprise.com - Perms Count: 30
[2026-03-04T06:30:27.362Z] ACCESS - User: admin@hrenterprise.com - Perms Count: 30
[2026-03-04T06:30:27.501Z] ACCESS - User: admin@hrenterprise.com - Perms Count: 30
[2026-03-04T06:30:27.631Z] ACCESS - User: admin@hrenterprise.com - Perms Count: 30
[2026-03-04T06:30:27.758Z] ACCESS - User: admin@hrenterprise.com - Perms Count: 30
[2026-03-04T06:30:33.312Z] ACCESS - User: admin@hrenterprise.com - Perms Count: 30
[2026-03-04T06:30:33.330Z] ACCESS - User: admin@hrenterprise.com - Perms Count: 30
[2026-03-04T06:30:33.375Z] ACCESS - User: admin@hrenterprise.com - Perms Count: 30
[2026-03-04T06:30:33.456Z] ACCESS - User: admin@hrenterprise.com - Perms Count: 30
[2026-03-04T06:30:33.471Z] ACCESS - User: admin@hrenterprise.com - Perms Count: 30
[2026-03-04T06:30:33.492Z] ACCESS - User: admin@hrenterprise.com - Perms Count: 30
[2026-03-04T06:30:38.362Z] ACCESS - User: admin@hrenterprise.com - Perms Count: 30
[2026-03-04T06:30:38.408Z] ACCESS - User: admin@hrenterprise.com - Perms Count: 30
[2026-03-04T06:30:46.415Z] ACCESS - User: admin@hrenterprise.com - Perms Count: 30
[2026-03-04T06:30:46.511Z] ACCESS - User: admin@hrenterprise.com - Perms Count: 30
[2026-03-04T07:22:20.886Z] ACCESS - User: admin@hrenterprise.com - Perms Count: 30
[2026-03-04T07:22:20.905Z] ACCESS - User: admin@hrenterprise.com - Perms Count: 30
[2026-03-04T07:30:24.184Z] ACCESS - User: admin@hrenterprise.com - Perms Count: 30
[2026-03-04T07:30:24.191Z] ACCESS - User: admin@hrenterprise.com - Perms Count: 30
[2026-03-04T07:30:57.713Z] ACCESS - User: admin@hrenterprise.com - Perms Count: 30
[2026-03-04T07:30:57.738Z] ACCESS - User: admin@hrenterprise.com - Perms Count: 30
[2026-03-04T07:31:00.615Z] ACCESS - User: admin@hrenterprise.com - Perms Count: 30
[2026-03-04T07:31:00.620Z] ACCESS - User: admin@hrenterprise.com - Perms Count: 30
[2026-03-04T07:31:00.628Z] ACCESS - User: admin@hrenterprise.com - Perms Count: 30
[2026-03-04T07:31:00.640Z] ACCESS - User: admin@hrenterprise.com - Perms Count: 30
[2026-03-04T07:31:00.647Z] ACCESS - User: admin@hrenterprise.com - Perms Count: 30
[2026-03-04T07:31:00.651Z] ACCESS - User: admin@hrenterprise.com - Perms Count: 30
[2026-03-04T07:31:00.656Z] ACCESS - User: admin@hrenterprise.com - Perms Count: 30
[2026-03-04T07:31:00.693Z] ACCESS - User: admin@hrenterprise.com - Perms Count: 30
[2026-03-04T07:32:08.034Z] ACCESS - User: admin@hrenterprise.com - Perms Count: 30
[2026-03-04T07:32:08.056Z] ACCESS - User: admin@hrenterprise.com - Perms Count: 30
[2026-03-04T07:32:26.184Z] ACCESS - User: admin@hrenterprise.com - Perms Count: 30
[2026-03-04T07:32:26.192Z] ACCESS - User: admin@hrenterprise.com - Perms Count: 30
[2026-03-04T07:34:12.043Z] DENIAL - Required: shifts:read - User Perms: users:read, users:create, users:update, users:delete, roles:read, roles:create, roles:update, roles:delete, employees:read, employees:create, employees:update, employees:delete, departments:read, departments:create, departments:update, departments:delete, attendance:read, attendance:create, attendance:update, attendance:delete, leave:read, leave:create, leave:approve, leave:manage, analytics:read, payroll:read, payroll:create, payroll:update, payroll:delete, payroll:manage
[2026-03-04T07:34:13.138Z] DENIAL - Required: shifts:read - User Perms: users:read, users:create, users:update, users:delete, roles:read, roles:create, roles:update, roles:delete, employees:read, employees:create, employees:update, employees:delete, departments:read, departments:create, departments:update, departments:delete, attendance:read, attendance:create, attendance:update, attendance:delete, leave:read, leave:create, leave:approve, leave:manage, analytics:read, payroll:read, payroll:create, payroll:update, payroll:delete, payroll:manage
[2026-03-04T07:35:22.823Z] ACCESS - User: admin@hrenterprise.com - Perms Count: 30
[2026-03-04T07:35:22.831Z] ACCESS - User: admin@hrenterprise.com - Perms Count: 30
[2026-03-04T07:49:43.108Z] ACCESS - User: admin@hrenterprise.com - Perms Count: 30
[2026-03-04T07:49:43.120Z] ACCESS - User: admin@hrenterprise.com - Perms Count: 30
[2026-03-04T07:49:52.516Z] ACCESS - User: admin@hrenterprise.com - Perms Count: 30
[2026-03-04T07:49:52.530Z] ACCESS - User: admin@hrenterprise.com - Perms Count: 30
[2026-03-04T07:50:07.352Z] ACCESS - User: admin@hrenterprise.com - Perms Count: 30
[2026-03-04T07:50:07.362Z] ACCESS - User: admin@hrenterprise.com - Perms Count: 30
[2026-03-04T07:55:04.813Z] ACCESS - User: admin@hrenterprise.com - Perms Count: 30
[2026-03-04T07:55:04.853Z] ACCESS - User: admin@hrenterprise.com - Perms Count: 30
[2026-03-04T07:55:17.784Z] ACCESS - User: admin@hrenterprise.com - Perms Count: 30
[2026-03-04T07:55:17.814Z] ACCESS - User: admin@hrenterprise.com - Perms Count: 30
[2026-03-04T08:02:59.513Z] ACCESS - User: admin@hrenterprise.com - Perms Count: 30
[2026-03-04T08:02:59.528Z] ACCESS - User: admin@hrenterprise.com - Perms Count: 30
[2026-03-04T08:03:55.351Z] ACCESS - User: admin@hrenterprise.com - Perms Count: 30
[2026-03-04T08:03:55.372Z] ACCESS - User: admin@hrenterprise.com - Perms Count: 30
[2026-03-04T08:28:35.120Z] ACCESS - User: admin@hrenterprise.com - Perms Count: 30
[2026-03-04T08:28:35.132Z] ACCESS - User: admin@hrenterprise.com - Perms Count: 30
[2026-03-04T08:32:10.563Z] ACCESS - User: admin@hrenterprise.com - Perms Count: 30
[2026-03-04T08:32:10.577Z] ACCESS - User: admin@hrenterprise.com - Perms Count: 30
[2026-03-04T09:39:24.028Z] ACCESS - User: admin@hrenterprise.com - Perms Count: 30
[2026-03-04T09:39:24.051Z] ACCESS - User: admin@hrenterprise.com - Perms Count: 30
[2026-03-04T10:05:13.517Z] ACCESS - User: admin@hrenterprise.com - Perms Count: 30
[2026-03-04T10:05:13.532Z] ACCESS - User: admin@hrenterprise.com - Perms Count: 30
[2026-03-04T10:05:17.889Z] ACCESS - User: admin@hrenterprise.com - Perms Count: 30
[2026-03-04T10:05:17.900Z] ACCESS - User: admin@hrenterprise.com - Perms Count: 30
[2026-03-04T10:05:19.124Z] DENIAL - Required: shifts:read - User Perms: users:read, users:create, users:update, users:delete, roles:read, roles:create, roles:update, roles:delete, employees:read, employees:create, employees:update, employees:delete, departments:read, departments:create, departments:update, departments:delete, attendance:read, attendance:create, attendance:update, attendance:delete, leave:read, leave:create, leave:approve, leave:manage, analytics:read, payroll:read, payroll:create, payroll:update, payroll:delete, payroll:manage
[2026-03-04T10:05:20.118Z] ACCESS - User: admin@hrenterprise.com - Perms Count: 30
[2026-03-04T10:05:20.127Z] ACCESS - User: admin@hrenterprise.com - Perms Count: 30
[2026-03-04T10:05:21.320Z] ACCESS - User: admin@hrenterprise.com - Perms Count: 30
[2026-03-04T10:05:21.335Z] ACCESS - User: admin@hrenterprise.com - Perms Count: 30
[2026-03-04T10:05:34.772Z] DENIAL - Required: employee:update - User Perms: users:read, users:create, users:update, users:delete, roles:read, roles:create, roles:update, roles:delete, employees:read, employees:create, employees:update, employees:delete, departments:read, departments:create, departments:update, departments:delete, attendance:read, attendance:create, attendance:update, attendance:delete, leave:read, leave:create, leave:approve, leave:manage, analytics:read, payroll:read, payroll:create, payroll:update, payroll:delete, payroll:manage
[2026-03-04T10:05:48.211Z] DENIAL - Required: employee:update - User Perms: users:read, users:create, users:update, users:delete, roles:read, roles:create, roles:update, roles:delete, employees:read, employees:create, employees:update, employees:delete, departments:read, departments:create, departments:update, departments:delete, attendance:read, attendance:create, attendance:update, attendance:delete, leave:read, leave:create, leave:approve, leave:manage, analytics:read, payroll:read, payroll:create, payroll:update, payroll:delete, payroll:manage
[2026-03-04T10:05:49.972Z] DENIAL - Required: employee:update - User Perms: users:read, users:create, users:update, users:delete, roles:read, roles:create, roles:update, roles:delete, employees:read, employees:create, employees:update, employees:delete, departments:read, departments:create, departments:update, departments:delete, attendance:read, attendance:create, attendance:update, attendance:delete, leave:read, leave:create, leave:approve, leave:manage, analytics:read, payroll:read, payroll:create, payroll:update, payroll:delete, payroll:manage
[2026-03-04T10:05:51.122Z] DENIAL - Required: employee:update - User Perms: users:read, users:create, users:update, users:delete, roles:read, roles:create, roles:update, roles:delete, employees:read, employees:create, employees:update, employees:delete, departments:read, departments:create, departments:update, departments:delete, attendance:read, attendance:create, attendance:update, attendance:delete, leave:read, leave:create, leave:approve, leave:manage, analytics:read, payroll:read, payroll:create, payroll:update, payroll:delete, payroll:manage
[2026-03-04T10:05:51.255Z] DENIAL - Required: employee:update - User Perms: users:read, users:create, users:update, users:delete, roles:read, roles:create, roles:update, roles:delete, employees:read, employees:create, employees:update, employees:delete, departments:read, departments:create, departments:update, departments:delete, attendance:read, attendance:create, attendance:update, attendance:delete, leave:read, leave:create, leave:approve, leave:manage, analytics:read, payroll:read, payroll:create, payroll:update, payroll:delete, payroll:manage
[2026-03-04T10:05:51.279Z] DENIAL - Required: employee:update - User Perms: users:read, users:create, users:update, users:delete, roles:read, roles:create, roles:update, roles:delete, employees:read, employees:create, employees:update, employees:delete, departments:read, departments:create, departments:update, departments:delete, attendance:read, attendance:create, attendance:update, attendance:delete, leave:read, leave:create, leave:approve, leave:manage, analytics:read, payroll:read, payroll:create, payroll:update, payroll:delete, payroll:manage
[2026-03-04T10:05:52.155Z] DENIAL - Required: employee:update - User Perms: users:read, users:create, users:update, users:delete, roles:read, roles:create, roles:update, roles:delete, employees:read, employees:create, employees:update, employees:delete, departments:read, departments:create, departments:update, departments:delete, attendance:read, attendance:create, attendance:update, attendance:delete, leave:read, leave:create, leave:approve, leave:manage, analytics:read, payroll:read, payroll:create, payroll:update, payroll:delete, payroll:manage
[2026-03-04T10:05:54.557Z] DENIAL - Required: employee:update - User Perms: users:read, users:create, users:update, users:delete, roles:read, roles:create, roles:update, roles:delete, employees:read, employees:create, employees:update, employees:delete, departments:read, departments:create, departments:update, departments:delete, attendance:read, attendance:create, attendance:update, attendance:delete, leave:read, leave:create, leave:approve, leave:manage, analytics:read, payroll:read, payroll:create, payroll:update, payroll:delete, payroll:manage
[2026-03-04T10:05:55.168Z] DENIAL - Required: employee:update - User Perms: users:read, users:create, users:update, users:delete, roles:read, roles:create, roles:update, roles:delete, employees:read, employees:create, employees:update, employees:delete, departments:read, departments:create, departments:update, departments:delete, attendance:read, attendance:create, attendance:update, attendance:delete, leave:read, leave:create, leave:approve, leave:manage, analytics:read, payroll:read, payroll:create, payroll:update, payroll:delete, payroll:manage
[2026-03-04T10:06:17.021Z] DENIAL - Required: employee:update - User Perms: users:read, users:create, users:update, users:delete, roles:read, roles:create, roles:update, roles:delete, employees:read, employees:create, employees:update, employees:delete, departments:read, departments:create, departments:update, departments:delete, attendance:read, attendance:create, attendance:update, attendance:delete, leave:read, leave:create, leave:approve, leave:manage, analytics:read, payroll:read, payroll:create, payroll:update, payroll:delete, payroll:manage
[2026-03-04T10:06:17.103Z] DENIAL - Required: employee:update - User Perms: users:read, users:create, users:update, users:delete, roles:read, roles:create, roles:update, roles:delete, employees:read, employees:create, employees:update, employees:delete, departments:read, departments:create, departments:update, departments:delete, attendance:read, attendance:create, attendance:update, attendance:delete, leave:read, leave:create, leave:approve, leave:manage, analytics:read, payroll:read, payroll:create, payroll:update, payroll:delete, payroll:manage
[2026-03-04T10:23:36.191Z] ACCESS - User: admin@hrenterprise.com - Perms Count: 30
[2026-03-04T10:23:36.203Z] ACCESS - User: admin@hrenterprise.com - Perms Count: 30
[2026-03-04T10:23:44.321Z] DENIAL - Required: shifts:read - User Perms: users:read, users:create, users:update, users:delete, roles:read, roles:create, roles:update, roles:delete, employees:read, employees:create, employees:update, employees:delete, departments:read, departments:create, departments:update, departments:delete, attendance:read, attendance:create, attendance:update, attendance:delete, leave:read, leave:create, leave:approve, leave:manage, analytics:read, payroll:read, payroll:create, payroll:update, payroll:delete, payroll:manage
[2026-03-04T10:23:45.365Z] DENIAL - Required: shifts:read - User Perms: users:read, users:create, users:update, users:delete, roles:read, roles:create, roles:update, roles:delete, employees:read, employees:create, employees:update, employees:delete, departments:read, departments:create, departments:update, departments:delete, attendance:read, attendance:create, attendance:update, attendance:delete, leave:read, leave:create, leave:approve, leave:manage, analytics:read, payroll:read, payroll:create, payroll:update, payroll:delete, payroll:manage
[2026-03-04T10:23:59.731Z] ACCESS - User: admin@hrenterprise.com - Perms Count: 30
[2026-03-04T10:23:59.738Z] ACCESS - User: admin@hrenterprise.com - Perms Count: 30
[2026-03-04T10:23:59.762Z] ACCESS - User: admin@hrenterprise.com - Perms Count: 30
[2026-03-04T10:24:08.402Z] ACCESS - User: admin@hrenterprise.com - Perms Count: 30
[2026-03-04T10:24:08.416Z] ACCESS - User: admin@hrenterprise.com - Perms Count: 30
[2026-03-04T10:24:10.396Z] ACCESS - User: admin@hrenterprise.com - Perms Count: 30
[2026-03-04T10:24:10.409Z] ACCESS - User: admin@hrenterprise.com - Perms Count: 30
[2026-03-04T10:24:21.182Z] ACCESS - User: admin@hrenterprise.com - Perms Count: 30
[2026-03-04T10:24:21.190Z] ACCESS - User: admin@hrenterprise.com - Perms Count: 30
[2026-03-04T10:24:21.201Z] ACCESS - User: admin@hrenterprise.com - Perms Count: 30
[2026-03-04T10:24:21.207Z] ACCESS - User: admin@hrenterprise.com - Perms Count: 30
[2026-03-04T10:24:23.135Z] ACCESS - User: admin@hrenterprise.com - Perms Count: 30
[2026-03-04T10:24:23.156Z] ACCESS - User: admin@hrenterprise.com - Perms Count: 30
[2026-03-04T10:27:46.721Z] ACCESS - User: admin@hrenterprise.com - Perms Count: 30
[2026-03-04T10:27:46.740Z] ACCESS - User: admin@hrenterprise.com - Perms Count: 30
[2026-03-04T10:27:56.402Z] ACCESS - User: admin@hrenterprise.com - Perms Count: 30
[2026-03-04T10:27:56.416Z] ACCESS - User: admin@hrenterprise.com - Perms Count: 30
[2026-03-04T11:11:31.089Z] ACCESS - User: admin@hrenterprise.com - Perms Count: 30
[2026-03-04T11:11:31.102Z] ACCESS - User: admin@hrenterprise.com - Perms Count: 30
[2026-03-04T11:29:20.581Z] ACCESS - User: admin@hrenterprise.com - Perms Count: 30
[2026-03-04T11:29:20.591Z] ACCESS - User: admin@hrenterprise.com - Perms Count: 30
[2026-03-04T11:35:13.861Z] ACCESS - User: admin@hrenterprise.com - Perms Count: 30
[2026-03-04T11:35:13.882Z] ACCESS - User: admin@hrenterprise.com - Perms Count: 30
[2026-03-04T11:35:19.039Z] DENIAL - Required: shifts:read - User Perms: users:read, users:create, users:update, users:delete, roles:read, roles:create, roles:update, roles:delete, employees:read, employees:create, employees:update, employees:delete, departments:read, departments:create, departments:update, departments:delete, attendance:read, attendance:create, attendance:update, attendance:delete, leave:read, leave:create, leave:approve, leave:manage, analytics:read, payroll:read, payroll:create, payroll:update, payroll:delete, payroll:manage
[2026-03-04T11:35:20.110Z] DENIAL - Required: shifts:read - User Perms: users:read, users:create, users:update, users:delete, roles:read, roles:create, roles:update, roles:delete, employees:read, employees:create, employees:update, employees:delete, departments:read, departments:create, departments:update, departments:delete, attendance:read, attendance:create, attendance:update, attendance:delete, leave:read, leave:create, leave:approve, leave:manage, analytics:read, payroll:read, payroll:create, payroll:update, payroll:delete, payroll:manage
[2026-03-04T11:36:00.748Z] DENIAL - Required: shifts:read - User Perms: users:read, users:create, users:update, users:delete, roles:read, roles:create, roles:update, roles:delete, employees:read, employees:create, employees:update, employees:delete, departments:read, departments:create, departments:update, departments:delete, attendance:read, attendance:create, attendance:update, attendance:delete, leave:read, leave:create, leave:approve, leave:manage, analytics:read, payroll:read, payroll:create, payroll:update, payroll:delete, payroll:manage
[2026-03-04T11:36:01.772Z] DENIAL - Required: shifts:read - User Perms: users:read, users:create, users:update, users:delete, roles:read, roles:create, roles:update, roles:delete, employees:read, employees:create, employees:update, employees:delete, departments:read, departments:create, departments:update, departments:delete, attendance:read, attendance:create, attendance:update, attendance:delete, leave:read, leave:create, leave:approve, leave:manage, analytics:read, payroll:read, payroll:create, payroll:update, payroll:delete, payroll:manage
[2026-03-04T11:36:02.904Z] ACCESS - User: admin@hrenterprise.com - Perms Count: 30
[2026-03-04T11:36:02.913Z] ACCESS - User: admin@hrenterprise.com - Perms Count: 30
